[2019-08-13 18:41:16] development.ERROR: The requested page cannot be found: setup.php  
[2019-08-13 18:50:00] development.ERROR: The requested page cannot be found: specials  
[2019-08-13 19:01:48] development.ERROR: PDOException: SQLSTATE[42S22]: Column not found: 1054 Unknown column 'user_type' in 'where clause' in C:\xampp7\htdocs\igniter\vendor\doctrine\dbal\lib\Doctrine\DBAL\Driver\PDOConnection.php:77
Stack trace:
#0 C:\xampp7\htdocs\igniter\vendor\doctrine\dbal\lib\Doctrine\DBAL\Driver\PDOConnection.php(77): PDO->prepare('select count(*)...', Array)
#1 C:\xampp7\htdocs\igniter\vendor\laravel\framework\src\Illuminate\Database\Connection.php(326): Doctrine\DBAL\Driver\PDOConnection->prepare('select count(*)...')
#2 C:\xampp7\htdocs\igniter\vendor\laravel\framework\src\Illuminate\Database\Connection.php(657): Illuminate\Database\Connection->Illuminate\Database\{closure}('select count(*)...', Array)
#3 C:\xampp7\htdocs\igniter\vendor\laravel\framework\src\Illuminate\Database\Connection.php(624): Illuminate\Database\Connection->runQueryCallback('select count(*)...', Array, Object(Closure))
#4 C:\xampp7\htdocs\igniter\vendor\laravel\framework\src\Illuminate\Database\Connection.php(333): Illuminate\Database\Connection->run('select count(*)...', Array, Object(Closure))
#5 C:\xampp7\htdocs\igniter\vendor\laravel\framework\src\Illuminate\Database\Query\Builder.php(1719): Illuminate\Database\Connection->select('select count(*)...', Array, true)
#6 C:\xampp7\htdocs\igniter\vendor\laravel\framework\src\Illuminate\Database\Query\Builder.php(1704): Illuminate\Database\Query\Builder->runSelect()
#7 C:\xampp7\htdocs\igniter\vendor\laravel\framework\src\Illuminate\Database\Query\Builder.php(1804): Illuminate\Database\Query\Builder->get()
#8 C:\xampp7\htdocs\igniter\vendor\laravel\framework\src\Illuminate\Database\Query\Builder.php(1777): Illuminate\Database\Query\Builder->runPaginationCountQuery(Array)
#9 C:\xampp7\htdocs\igniter\app\system\models\Activities_model.php(19): Illuminate\Database\Query\Builder->getCountForPagination()
#10 [internal function]: System\Models\Activities_model::listMenuActivities(Object(Admin\Widgets\Menu), Object(Admin\Classes\MenuItem), Object(Admin\Models\Users_model))
#11 C:\xampp7\htdocs\igniter\app\admin\widgets\Menu.php(237): call_user_func(Array, Object(Admin\Widgets\Menu), Object(Admin\Classes\MenuItem), Object(Admin\Models\Users_model))
#12 C:\xampp7\htdocs\igniter\app\admin\widgets\Menu.php(143): Admin\Widgets\Menu->getOptionsFromModel(Object(Admin\Classes\MenuItem), Array)
#13 C:\xampp7\htdocs\igniter\app\admin\classes\MenuItem.php(118): Admin\Widgets\Menu->Admin\Widgets\{closure}()
#14 C:\xampp7\htdocs\igniter\app\admin\widgets\Menu.php(205): Admin\Classes\MenuItem->options()
#15 [internal function]: Admin\Widgets\Menu->onGetDropdownOptions('edit', 'advanced')
#16 C:\xampp7\htdocs\igniter\app\admin\classes\AdminController.php(296): call_user_func_array(Array, Array)
#17 C:\xampp7\htdocs\igniter\app\admin\classes\AdminController.php(189): Admin\Classes\AdminController->runHandler('mainmenu::onGet...', Array)
#18 C:\xampp7\htdocs\igniter\app\admin\classes\AdminController.php(149): Admin\Classes\AdminController->processHandlers()
#19 C:\xampp7\htdocs\igniter\app\system\classes\Controller.php(104): Admin\Classes\AdminController->remap('edit', Array)
#20 [internal function]: System\Classes\Controller->runAdmin('settings/edit/a...')
#21 C:\xampp7\htdocs\igniter\vendor\laravel\framework\src\Illuminate\Routing\Controller.php(54): call_user_func_array(Array, Array)
#22 C:\xampp7\htdocs\igniter\vendor\laravel\framework\src\Illuminate\Routing\ControllerDispatcher.php(45): Illuminate\Routing\Controller->callAction('runAdmin', Array)
#23 C:\xampp7\htdocs\igniter\vendor\laravel\framework\src\Illuminate\Routing\Route.php(212): Illuminate\Routing\ControllerDispatcher->dispatch(Object(Illuminate\Routing\Route), Object(System\Classes\Controller), 'runAdmin')
#24 C:\xampp7\htdocs\igniter\vendor\laravel\framework\src\Illuminate\Routing\Route.php(169): Illuminate\Routing\Route->runController()
#25 C:\xampp7\htdocs\igniter\vendor\laravel\framework\src\Illuminate\Routing\Router.php(658): Illuminate\Routing\Route->run()
#26 C:\xampp7\htdocs\igniter\vendor\laravel\framework\src\Illuminate\Routing\Pipeline.php(30): Illuminate\Routing\Router->Illuminate\Routing\{closure}(Object(Illuminate\Http\Request))
#27 C:\xampp7\htdocs\igniter\vendor\tastyigniter\flame\src\Translation\Middleware\Localization.php(23): Illuminate\Routing\Pipeline->Illuminate\Routing\{closure}(Object(Illuminate\Http\Request))
#28 C:\xampp7\htdocs\igniter\vendor\laravel\framework\src\Illuminate\Pipeline\Pipeline.php(149): Igniter\Flame\Translation\Middleware\Localization->handle(Object(Illuminate\Http\Request), Object(Closure))
#29 C:\xampp7\htdocs\igniter\vendor\laravel\framework\src\Illuminate\Routing\Pipeline.php(53): Illuminate\Pipeline\Pipeline->Illuminate\Pipeline\{closure}(Object(Illuminate\Http\Request))
#30 C:\xampp7\htdocs\igniter\vendor\laravel\framework\src\Illuminate\Routing\Middleware\SubstituteBindings.php(41): Illuminate\Routing\Pipeline->Illuminate\Routing\{closure}(Object(Illuminate\Http\Request))
#31 C:\xampp7\htdocs\igniter\vendor\laravel\framework\src\Illuminate\Pipeline\Pipeline.php(149): Illuminate\Routing\Middleware\SubstituteBindings->handle(Object(Illuminate\Http\Request), Object(Closure))
#32 C:\xampp7\htdocs\igniter\vendor\laravel\framework\src\Illuminate\Routing\Pipeline.php(53): Illuminate\Pipeline\Pipeline->Illuminate\Pipeline\{closure}(Object(Illuminate\Http\Request))
#33 C:\xampp7\htdocs\igniter\vendor\laravel\framework\src\Illuminate\View\Middleware\ShareErrorsFromSession.php(49): Illuminate\Routing\Pipeline->Illuminate\Routing\{closure}(Object(Illuminate\Http\Request))
#34 C:\xampp7\htdocs\igniter\vendor\laravel\framework\src\Illuminate\Pipeline\Pipeline.php(149): Illuminate\View\Middleware\ShareErrorsFromSession->handle(Object(Illuminate\Http\Request), Object(Closure))
#35 C:\xampp7\htdocs\igniter\vendor\laravel\framework\src\Illuminate\Routing\Pipeline.php(53): Illuminate\Pipeline\Pipeline->Illuminate\Pipeline\{closure}(Object(Illuminate\Http\Request))
#36 C:\xampp7\htdocs\igniter\vendor\laravel\framework\src\Illuminate\Session\Middleware\StartSession.php(63): Illuminate\Routing\Pipeline->Illuminate\Routing\{closure}(Object(Illuminate\Http\Request))
#37 C:\xampp7\htdocs\igniter\vendor\laravel\framework\src\Illuminate\Pipeline\Pipeline.php(149): Illuminate\Session\Middleware\StartSession->handle(Object(Illuminate\Http\Request), Object(Closure))
#38 C:\xampp7\htdocs\igniter\vendor\laravel\framework\src\Illuminate\Routing\Pipeline.php(53): Illuminate\Pipeline\Pipeline->Illuminate\Pipeline\{closure}(Object(Illuminate\Http\Request))
#39 C:\xampp7\htdocs\igniter\vendor\laravel\framework\src\Illuminate\Cookie\Middleware\AddQueuedCookiesToResponse.php(37): Illuminate\Routing\Pipeline->Illuminate\Routing\{closure}(Object(Illuminate\Http\Request))
#40 C:\xampp7\htdocs\igniter\vendor\laravel\framework\src\Illuminate\Pipeline\Pipeline.php(149): Illuminate\Cookie\Middleware\AddQueuedCookiesToResponse->handle(Object(Illuminate\Http\Request), Object(Closure))
#41 C:\xampp7\htdocs\igniter\vendor\laravel\framework\src\Illuminate\Routing\Pipeline.php(53): Illuminate\Pipeline\Pipeline->Illuminate\Pipeline\{closure}(Object(Illuminate\Http\Request))
#42 C:\xampp7\htdocs\igniter\vendor\laravel\framework\src\Illuminate\Cookie\Middleware\EncryptCookies.php(66): Illuminate\Routing\Pipeline->Illuminate\Routing\{closure}(Object(Illuminate\Http\Request))
#43 C:\xampp7\htdocs\igniter\vendor\laravel\framework\src\Illuminate\Pipeline\Pipeline.php(149): Illuminate\Cookie\Middleware\EncryptCookies->handle(Object(Illuminate\Http\Request), Object(Closure))
#44 C:\xampp7\htdocs\igniter\vendor\laravel\framework\src\Illuminate\Routing\Pipeline.php(53): Illuminate\Pipeline\Pipeline->Illuminate\Pipeline\{closure}(Object(Illuminate\Http\Request))
#45 C:\xampp7\htdocs\igniter\vendor\laravel\framework\src\Illuminate\Pipeline\Pipeline.php(102): Illuminate\Routing\Pipeline->Illuminate\Routing\{closure}(Object(Illuminate\Http\Request))
#46 C:\xampp7\htdocs\igniter\vendor\laravel\framework\src\Illuminate\Routing\Router.php(660): Illuminate\Pipeline\Pipeline->then(Object(Closure))
#47 C:\xampp7\htdocs\igniter\vendor\laravel\framework\src\Illuminate\Routing\Router.php(635): Illuminate\Routing\Router->runRouteWithinStack(Object(Illuminate\Routing\Route), Object(Illuminate\Http\Request))
#48 C:\xampp7\htdocs\igniter\vendor\laravel\framework\src\Illuminate\Routing\Router.php(601): Illuminate\Routing\Router->runRoute(Object(Illuminate\Http\Request), Object(Illuminate\Routing\Route))
#49 C:\xampp7\htdocs\igniter\vendor\october\rain\src\Router\CoreRouter.php(20): Illuminate\Routing\Router->dispatchToRoute(Object(Illuminate\Http\Request))
#50 C:\xampp7\htdocs\igniter\vendor\laravel\framework\src\Illuminate\Foundation\Http\Kernel.php(176): October\Rain\Router\CoreRouter->dispatch(Object(Illuminate\Http\Request))
#51 C:\xampp7\htdocs\igniter\vendor\laravel\framework\src\Illuminate\Routing\Pipeline.php(30): Illuminate\Foundation\Http\Kernel->Illuminate\Foundation\Http\{closure}(Object(Illuminate\Http\Request))
#52 C:\xampp7\htdocs\igniter\vendor\tastyigniter\flame\src\Setting\Middleware\SaveSetting.php(25): Illuminate\Routing\Pipeline->Illuminate\Routing\{closure}(Object(Illuminate\Http\Request))
#53 C:\xampp7\htdocs\igniter\vendor\laravel\framework\src\Illuminate\Pipeline\Pipeline.php(149): Igniter\Flame\Setting\Middleware\SaveSetting->handle(Object(Illuminate\Http\Request), Object(Closure))
#54 C:\xampp7\htdocs\igniter\vendor\laravel\framework\src\Illuminate\Routing\Pipeline.php(53): Illuminate\Pipeline\Pipeline->Illuminate\Pipeline\{closure}(Object(Illuminate\Http\Request))
#55 C:\xampp7\htdocs\igniter\vendor\fideloper\proxy\src\TrustProxies.php(56): Illuminate\Routing\Pipeline->Illuminate\Routing\{closure}(Object(Illuminate\Http\Request))
#56 C:\xampp7\htdocs\igniter\vendor\laravel\framework\src\Illuminate\Pipeline\Pipeline.php(149): Fideloper\Proxy\TrustProxies->handle(Object(Illuminate\Http\Request), Object(Closure))
#57 C:\xampp7\htdocs\igniter\vendor\laravel\framework\src\Illuminate\Routing\Pipeline.php(53): Illuminate\Pipeline\Pipeline->Illuminate\Pipeline\{closure}(Object(Illuminate\Http\Request))
#58 C:\xampp7\htdocs\igniter\vendor\laravel\framework\src\Illuminate\Foundation\Http\Middleware\TransformsRequest.php(30): Illuminate\Routing\Pipeline->Illuminate\Routing\{closure}(Object(Illuminate\Http\Request))
#59 C:\xampp7\htdocs\igniter\vendor\laravel\framework\src\Illuminate\Pipeline\Pipeline.php(149): Illuminate\Foundation\Http\Middleware\TransformsRequest->handle(Object(Illuminate\Http\Request), Object(Closure))
#60 C:\xampp7\htdocs\igniter\vendor\laravel\framework\src\Illuminate\Routing\Pipeline.php(53): Illuminate\Pipeline\Pipeline->Illuminate\Pipeline\{closure}(Object(Illuminate\Http\Request))
#61 C:\xampp7\htdocs\igniter\vendor\laravel\framework\src\Illuminate\Foundation\Http\Middleware\ValidatePostSize.php(27): Illuminate\Routing\Pipeline->Illuminate\Routing\{closure}(Object(Illuminate\Http\Request))
#62 C:\xampp7\htdocs\igniter\vendor\laravel\framework\src\Illuminate\Pipeline\Pipeline.php(149): Illuminate\Foundation\Http\Middleware\ValidatePostSize->handle(Object(Illuminate\Http\Request), Object(Closure))
#63 C:\xampp7\htdocs\igniter\vendor\laravel\framework\src\Illuminate\Routing\Pipeline.php(53): Illuminate\Pipeline\Pipeline->Illuminate\Pipeline\{closure}(Object(Illuminate\Http\Request))
#64 C:\xampp7\htdocs\igniter\vendor\laravel\framework\src\Illuminate\Foundation\Http\Middleware\CheckForMaintenanceMode.php(46): Illuminate\Routing\Pipeline->Illuminate\Routing\{closure}(Object(Illuminate\Http\Request))
#65 C:\xampp7\htdocs\igniter\vendor\laravel\framework\src\Illuminate\Pipeline\Pipeline.php(149): Illuminate\Foundation\Http\Middleware\CheckForMaintenanceMode->handle(Object(Illuminate\Http\Request), Object(Closure))
#66 C:\xampp7\htdocs\igniter\vendor\laravel\framework\src\Illuminate\Routing\Pipeline.php(53): Illuminate\Pipeline\Pipeline->Illuminate\Pipeline\{closure}(Object(Illuminate\Http\Request))
#67 C:\xampp7\htdocs\igniter\vendor\laravel\framework\src\Illuminate\Pipeline\Pipeline.php(102): Illuminate\Routing\Pipeline->Illuminate\Routing\{closure}(Object(Illuminate\Http\Request))
#68 C:\xampp7\htdocs\igniter\vendor\laravel\framework\src\Illuminate\Foundation\Http\Kernel.php(151): Illuminate\Pipeline\Pipeline->then(Object(Closure))
#69 C:\xampp7\htdocs\igniter\vendor\laravel\framework\src\Illuminate\Foundation\Http\Kernel.php(116): Illuminate\Foundation\Http\Kernel->sendRequestThroughRouter(Object(Illuminate\Http\Request))
#70 C:\xampp7\htdocs\igniter\index.php(53): Illuminate\Foundation\Http\Kernel->handle(Object(Illuminate\Http\Request))
#71 {main}

Next Doctrine\DBAL\Driver\PDOException: SQLSTATE[42S22]: Column not found: 1054 Unknown column 'user_type' in 'where clause' in C:\xampp7\htdocs\igniter\vendor\doctrine\dbal\lib\Doctrine\DBAL\Driver\PDOConnection.php:79
Stack trace:
#0 C:\xampp7\htdocs\igniter\vendor\laravel\framework\src\Illuminate\Database\Connection.php(326): Doctrine\DBAL\Driver\PDOConnection->prepare('select count(*)...')
#1 C:\xampp7\htdocs\igniter\vendor\laravel\framework\src\Illuminate\Database\Connection.php(657): Illuminate\Database\Connection->Illuminate\Database\{closure}('select count(*)...', Array)
#2 C:\xampp7\htdocs\igniter\vendor\laravel\framework\src\Illuminate\Database\Connection.php(624): Illuminate\Database\Connection->runQueryCallback('select count(*)...', Array, Object(Closure))
#3 C:\xampp7\htdocs\igniter\vendor\laravel\framework\src\Illuminate\Database\Connection.php(333): Illuminate\Database\Connection->run('select count(*)...', Array, Object(Closure))
#4 C:\xampp7\htdocs\igniter\vendor\laravel\framework\src\Illuminate\Database\Query\Builder.php(1719): Illuminate\Database\Connection->select('select count(*)...', Array, true)
#5 C:\xampp7\htdocs\igniter\vendor\laravel\framework\src\Illuminate\Database\Query\Builder.php(1704): Illuminate\Database\Query\Builder->runSelect()
#6 C:\xampp7\htdocs\igniter\vendor\laravel\framework\src\Illuminate\Database\Query\Builder.php(1804): Illuminate\Database\Query\Builder->get()
#7 C:\xampp7\htdocs\igniter\vendor\laravel\framework\src\Illuminate\Database\Query\Builder.php(1777): Illuminate\Database\Query\Builder->runPaginationCountQuery(Array)
#8 C:\xampp7\htdocs\igniter\app\system\models\Activities_model.php(19): Illuminate\Database\Query\Builder->getCountForPagination()
#9 [internal function]: System\Models\Activities_model::listMenuActivities(Object(Admin\Widgets\Menu), Object(Admin\Classes\MenuItem), Object(Admin\Models\Users_model))
#10 C:\xampp7\htdocs\igniter\app\admin\widgets\Menu.php(237): call_user_func(Array, Object(Admin\Widgets\Menu), Object(Admin\Classes\MenuItem), Object(Admin\Models\Users_model))
#11 C:\xampp7\htdocs\igniter\app\admin\widgets\Menu.php(143): Admin\Widgets\Menu->getOptionsFromModel(Object(Admin\Classes\MenuItem), Array)
#12 C:\xampp7\htdocs\igniter\app\admin\classes\MenuItem.php(118): Admin\Widgets\Menu->Admin\Widgets\{closure}()
#13 C:\xampp7\htdocs\igniter\app\admin\widgets\Menu.php(205): Admin\Classes\MenuItem->options()
#14 [internal function]: Admin\Widgets\Menu->onGetDropdownOptions('edit', 'advanced')
#15 C:\xampp7\htdocs\igniter\app\admin\classes\AdminController.php(296): call_user_func_array(Array, Array)
#16 C:\xampp7\htdocs\igniter\app\admin\classes\AdminController.php(189): Admin\Classes\AdminController->runHandler('mainmenu::onGet...', Array)
#17 C:\xampp7\htdocs\igniter\app\admin\classes\AdminController.php(149): Admin\Classes\AdminController->processHandlers()
#18 C:\xampp7\htdocs\igniter\app\system\classes\Controller.php(104): Admin\Classes\AdminController->remap('edit', Array)
#19 [internal function]: System\Classes\Controller->runAdmin('settings/edit/a...')
#20 C:\xampp7\htdocs\igniter\vendor\laravel\framework\src\Illuminate\Routing\Controller.php(54): call_user_func_array(Array, Array)
#21 C:\xampp7\htdocs\igniter\vendor\laravel\framework\src\Illuminate\Routing\ControllerDispatcher.php(45): Illuminate\Routing\Controller->callAction('runAdmin', Array)
#22 C:\xampp7\htdocs\igniter\vendor\laravel\framework\src\Illuminate\Routing\Route.php(212): Illuminate\Routing\ControllerDispatcher->dispatch(Object(Illuminate\Routing\Route), Object(System\Classes\Controller), 'runAdmin')
#23 C:\xampp7\htdocs\igniter\vendor\laravel\framework\src\Illuminate\Routing\Route.php(169): Illuminate\Routing\Route->runController()
#24 C:\xampp7\htdocs\igniter\vendor\laravel\framework\src\Illuminate\Routing\Router.php(658): Illuminate\Routing\Route->run()
#25 C:\xampp7\htdocs\igniter\vendor\laravel\framework\src\Illuminate\Routing\Pipeline.php(30): Illuminate\Routing\Router->Illuminate\Routing\{closure}(Object(Illuminate\Http\Request))
#26 C:\xampp7\htdocs\igniter\vendor\tastyigniter\flame\src\Translation\Middleware\Localization.php(23): Illuminate\Routing\Pipeline->Illuminate\Routing\{closure}(Object(Illuminate\Http\Request))
#27 C:\xampp7\htdocs\igniter\vendor\laravel\framework\src\Illuminate\Pipeline\Pipeline.php(149): Igniter\Flame\Translation\Middleware\Localization->handle(Object(Illuminate\Http\Request), Object(Closure))
#28 C:\xampp7\htdocs\igniter\vendor\laravel\framework\src\Illuminate\Routing\Pipeline.php(53): Illuminate\Pipeline\Pipeline->Illuminate\Pipeline\{closure}(Object(Illuminate\Http\Request))
#29 C:\xampp7\htdocs\igniter\vendor\laravel\framework\src\Illuminate\Routing\Middleware\SubstituteBindings.php(41): Illuminate\Routing\Pipeline->Illuminate\Routing\{closure}(Object(Illuminate\Http\Request))
#30 C:\xampp7\htdocs\igniter\vendor\laravel\framework\src\Illuminate\Pipeline\Pipeline.php(149): Illuminate\Routing\Middleware\SubstituteBindings->handle(Object(Illuminate\Http\Request), Object(Closure))
#31 C:\xampp7\htdocs\igniter\vendor\laravel\framework\src\Illuminate\Routing\Pipeline.php(53): Illuminate\Pipeline\Pipeline->Illuminate\Pipeline\{closure}(Object(Illuminate\Http\Request))
#32 C:\xampp7\htdocs\igniter\vendor\laravel\framework\src\Illuminate\View\Middleware\ShareErrorsFromSession.php(49): Illuminate\Routing\Pipeline->Illuminate\Routing\{closure}(Object(Illuminate\Http\Request))
#33 C:\xampp7\htdocs\igniter\vendor\laravel\framework\src\Illuminate\Pipeline\Pipeline.php(149): Illuminate\View\Middleware\ShareErrorsFromSession->handle(Object(Illuminate\Http\Request), Object(Closure))
#34 C:\xampp7\htdocs\igniter\vendor\laravel\framework\src\Illuminate\Routing\Pipeline.php(53): Illuminate\Pipeline\Pipeline->Illuminate\Pipeline\{closure}(Object(Illuminate\Http\Request))
#35 C:\xampp7\htdocs\igniter\vendor\laravel\framework\src\Illuminate\Session\Middleware\StartSession.php(63): Illuminate\Routing\Pipeline->Illuminate\Routing\{closure}(Object(Illuminate\Http\Request))
#36 C:\xampp7\htdocs\igniter\vendor\laravel\framework\src\Illuminate\Pipeline\Pipeline.php(149): Illuminate\Session\Middleware\StartSession->handle(Object(Illuminate\Http\Request), Object(Closure))
#37 C:\xampp7\htdocs\igniter\vendor\laravel\framework\src\Illuminate\Routing\Pipeline.php(53): Illuminate\Pipeline\Pipeline->Illuminate\Pipeline\{closure}(Object(Illuminate\Http\Request))
#38 C:\xampp7\htdocs\igniter\vendor\laravel\framework\src\Illuminate\Cookie\Middleware\AddQueuedCookiesToResponse.php(37): Illuminate\Routing\Pipeline->Illuminate\Routing\{closure}(Object(Illuminate\Http\Request))
#39 C:\xampp7\htdocs\igniter\vendor\laravel\framework\src\Illuminate\Pipeline\Pipeline.php(149): Illuminate\Cookie\Middleware\AddQueuedCookiesToResponse->handle(Object(Illuminate\Http\Request), Object(Closure))
#40 C:\xampp7\htdocs\igniter\vendor\laravel\framework\src\Illuminate\Routing\Pipeline.php(53): Illuminate\Pipeline\Pipeline->Illuminate\Pipeline\{closure}(Object(Illuminate\Http\Request))
#41 C:\xampp7\htdocs\igniter\vendor\laravel\framework\src\Illuminate\Cookie\Middleware\EncryptCookies.php(66): Illuminate\Routing\Pipeline->Illuminate\Routing\{closure}(Object(Illuminate\Http\Request))
#42 C:\xampp7\htdocs\igniter\vendor\laravel\framework\src\Illuminate\Pipeline\Pipeline.php(149): Illuminate\Cookie\Middleware\EncryptCookies->handle(Object(Illuminate\Http\Request), Object(Closure))
#43 C:\xampp7\htdocs\igniter\vendor\laravel\framework\src\Illuminate\Routing\Pipeline.php(53): Illuminate\Pipeline\Pipeline->Illuminate\Pipeline\{closure}(Object(Illuminate\Http\Request))
#44 C:\xampp7\htdocs\igniter\vendor\laravel\framework\src\Illuminate\Pipeline\Pipeline.php(102): Illuminate\Routing\Pipeline->Illuminate\Routing\{closure}(Object(Illuminate\Http\Request))
#45 C:\xampp7\htdocs\igniter\vendor\laravel\framework\src\Illuminate\Routing\Router.php(660): Illuminate\Pipeline\Pipeline->then(Object(Closure))
#46 C:\xampp7\htdocs\igniter\vendor\laravel\framework\src\Illuminate\Routing\Router.php(635): Illuminate\Routing\Router->runRouteWithinStack(Object(Illuminate\Routing\Route), Object(Illuminate\Http\Request))
#47 C:\xampp7\htdocs\igniter\vendor\laravel\framework\src\Illuminate\Routing\Router.php(601): Illuminate\Routing\Router->runRoute(Object(Illuminate\Http\Request), Object(Illuminate\Routing\Route))
#48 C:\xampp7\htdocs\igniter\vendor\october\rain\src\Router\CoreRouter.php(20): Illuminate\Routing\Router->dispatchToRoute(Object(Illuminate\Http\Request))
#49 C:\xampp7\htdocs\igniter\vendor\laravel\framework\src\Illuminate\Foundation\Http\Kernel.php(176): October\Rain\Router\CoreRouter->dispatch(Object(Illuminate\Http\Request))
#50 C:\xampp7\htdocs\igniter\vendor\laravel\framework\src\Illuminate\Routing\Pipeline.php(30): Illuminate\Foundation\Http\Kernel->Illuminate\Foundation\Http\{closure}(Object(Illuminate\Http\Request))
#51 C:\xampp7\htdocs\igniter\vendor\tastyigniter\flame\src\Setting\Middleware\SaveSetting.php(25): Illuminate\Routing\Pipeline->Illuminate\Routing\{closure}(Object(Illuminate\Http\Request))
#52 C:\xampp7\htdocs\igniter\vendor\laravel\framework\src\Illuminate\Pipeline\Pipeline.php(149): Igniter\Flame\Setting\Middleware\SaveSetting->handle(Object(Illuminate\Http\Request), Object(Closure))
#53 C:\xampp7\htdocs\igniter\vendor\laravel\framework\src\Illuminate\Routing\Pipeline.php(53): Illuminate\Pipeline\Pipeline->Illuminate\Pipeline\{closure}(Object(Illuminate\Http\Request))
#54 C:\xampp7\htdocs\igniter\vendor\fideloper\proxy\src\TrustProxies.php(56): Illuminate\Routing\Pipeline->Illuminate\Routing\{closure}(Object(Illuminate\Http\Request))
#55 C:\xampp7\htdocs\igniter\vendor\laravel\framework\src\Illuminate\Pipeline\Pipeline.php(149): Fideloper\Proxy\TrustProxies->handle(Object(Illuminate\Http\Request), Object(Closure))
#56 C:\xampp7\htdocs\igniter\vendor\laravel\framework\src\Illuminate\Routing\Pipeline.php(53): Illuminate\Pipeline\Pipeline->Illuminate\Pipeline\{closure}(Object(Illuminate\Http\Request))
#57 C:\xampp7\htdocs\igniter\vendor\laravel\framework\src\Illuminate\Foundation\Http\Middleware\TransformsRequest.php(30): Illuminate\Routing\Pipeline->Illuminate\Routing\{closure}(Object(Illuminate\Http\Request))
#58 C:\xampp7\htdocs\igniter\vendor\laravel\framework\src\Illuminate\Pipeline\Pipeline.php(149): Illuminate\Foundation\Http\Middleware\TransformsRequest->handle(Object(Illuminate\Http\Request), Object(Closure))
#59 C:\xampp7\htdocs\igniter\vendor\laravel\framework\src\Illuminate\Routing\Pipeline.php(53): Illuminate\Pipeline\Pipeline->Illuminate\Pipeline\{closure}(Object(Illuminate\Http\Request))
#60 C:\xampp7\htdocs\igniter\vendor\laravel\framework\src\Illuminate\Foundation\Http\Middleware\ValidatePostSize.php(27): Illuminate\Routing\Pipeline->Illuminate\Routing\{closure}(Object(Illuminate\Http\Request))
#61 C:\xampp7\htdocs\igniter\vendor\laravel\framework\src\Illuminate\Pipeline\Pipeline.php(149): Illuminate\Foundation\Http\Middleware\ValidatePostSize->handle(Object(Illuminate\Http\Request), Object(Closure))
#62 C:\xampp7\htdocs\igniter\vendor\laravel\framework\src\Illuminate\Routing\Pipeline.php(53): Illuminate\Pipeline\Pipeline->Illuminate\Pipeline\{closure}(Object(Illuminate\Http\Request))
#63 C:\xampp7\htdocs\igniter\vendor\laravel\framework\src\Illuminate\Foundation\Http\Middleware\CheckForMaintenanceMode.php(46): Illuminate\Routing\Pipeline->Illuminate\Routing\{closure}(Object(Illuminate\Http\Request))
#64 C:\xampp7\htdocs\igniter\vendor\laravel\framework\src\Illuminate\Pipeline\Pipeline.php(149): Illuminate\Foundation\Http\Middleware\CheckForMaintenanceMode->handle(Object(Illuminate\Http\Request), Object(Closure))
#65 C:\xampp7\htdocs\igniter\vendor\laravel\framework\src\Illuminate\Routing\Pipeline.php(53): Illuminate\Pipeline\Pipeline->Illuminate\Pipeline\{closure}(Object(Illuminate\Http\Request))
#66 C:\xampp7\htdocs\igniter\vendor\laravel\framework\src\Illuminate\Pipeline\Pipeline.php(102): Illuminate\Routing\Pipeline->Illuminate\Routing\{closure}(Object(Illuminate\Http\Request))
#67 C:\xampp7\htdocs\igniter\vendor\laravel\framework\src\Illuminate\Foundation\Http\Kernel.php(151): Illuminate\Pipeline\Pipeline->then(Object(Closure))
#68 C:\xampp7\htdocs\igniter\vendor\laravel\framework\src\Illuminate\Foundation\Http\Kernel.php(116): Illuminate\Foundation\Http\Kernel->sendRequestThroughRouter(Object(Illuminate\Http\Request))
#69 C:\xampp7\htdocs\igniter\index.php(53): Illuminate\Foundation\Http\Kernel->handle(Object(Illuminate\Http\Request))
#70 {main}

Next Illuminate\Database\QueryException: SQLSTATE[42S22]: Column not found: 1054 Unknown column 'user_type' in 'where clause' (SQL: select count(*) as aggregate from `ti_activities` where `user_id` = 1 and `user_type` = users and `subject_id` is not null) in C:\xampp7\htdocs\igniter\vendor\laravel\framework\src\Illuminate\Database\Connection.php:664
Stack trace:
#0 C:\xampp7\htdocs\igniter\vendor\laravel\framework\src\Illuminate\Database\Connection.php(624): Illuminate\Database\Connection->runQueryCallback('select count(*)...', Array, Object(Closure))
#1 C:\xampp7\htdocs\igniter\vendor\laravel\framework\src\Illuminate\Database\Connection.php(333): Illuminate\Database\Connection->run('select count(*)...', Array, Object(Closure))
#2 C:\xampp7\htdocs\igniter\vendor\laravel\framework\src\Illuminate\Database\Query\Builder.php(1719): Illuminate\Database\Connection->select('select count(*)...', Array, true)
#3 C:\xampp7\htdocs\igniter\vendor\laravel\framework\src\Illuminate\Database\Query\Builder.php(1704): Illuminate\Database\Query\Builder->runSelect()
#4 C:\xampp7\htdocs\igniter\vendor\laravel\framework\src\Illuminate\Database\Query\Builder.php(1804): Illuminate\Database\Query\Builder->get()
#5 C:\xampp7\htdocs\igniter\vendor\laravel\framework\src\Illuminate\Database\Query\Builder.php(1777): Illuminate\Database\Query\Builder->runPaginationCountQuery(Array)
#6 C:\xampp7\htdocs\igniter\app\system\models\Activities_model.php(19): Illuminate\Database\Query\Builder->getCountForPagination()
#7 [internal function]: System\Models\Activities_model::listMenuActivities(Object(Admin\Widgets\Menu), Object(Admin\Classes\MenuItem), Object(Admin\Models\Users_model))
#8 C:\xampp7\htdocs\igniter\app\admin\widgets\Menu.php(237): call_user_func(Array, Object(Admin\Widgets\Menu), Object(Admin\Classes\MenuItem), Object(Admin\Models\Users_model))
#9 C:\xampp7\htdocs\igniter\app\admin\widgets\Menu.php(143): Admin\Widgets\Menu->getOptionsFromModel(Object(Admin\Classes\MenuItem), Array)
#10 C:\xampp7\htdocs\igniter\app\admin\classes\MenuItem.php(118): Admin\Widgets\Menu->Admin\Widgets\{closure}()
#11 C:\xampp7\htdocs\igniter\app\admin\widgets\Menu.php(205): Admin\Classes\MenuItem->options()
#12 [internal function]: Admin\Widgets\Menu->onGetDropdownOptions('edit', 'advanced')
#13 C:\xampp7\htdocs\igniter\app\admin\classes\AdminController.php(296): call_user_func_array(Array, Array)
#14 C:\xampp7\htdocs\igniter\app\admin\classes\AdminController.php(189): Admin\Classes\AdminController->runHandler('mainmenu::onGet...', Array)
#15 C:\xampp7\htdocs\igniter\app\admin\classes\AdminController.php(149): Admin\Classes\AdminController->processHandlers()
#16 C:\xampp7\htdocs\igniter\app\system\classes\Controller.php(104): Admin\Classes\AdminController->remap('edit', Array)
#17 [internal function]: System\Classes\Controller->runAdmin('settings/edit/a...')
#18 C:\xampp7\htdocs\igniter\vendor\laravel\framework\src\Illuminate\Routing\Controller.php(54): call_user_func_array(Array, Array)
#19 C:\xampp7\htdocs\igniter\vendor\laravel\framework\src\Illuminate\Routing\ControllerDispatcher.php(45): Illuminate\Routing\Controller->callAction('runAdmin', Array)
#20 C:\xampp7\htdocs\igniter\vendor\laravel\framework\src\Illuminate\Routing\Route.php(212): Illuminate\Routing\ControllerDispatcher->dispatch(Object(Illuminate\Routing\Route), Object(System\Classes\Controller), 'runAdmin')
#21 C:\xampp7\htdocs\igniter\vendor\laravel\framework\src\Illuminate\Routing\Route.php(169): Illuminate\Routing\Route->runController()
#22 C:\xampp7\htdocs\igniter\vendor\laravel\framework\src\Illuminate\Routing\Router.php(658): Illuminate\Routing\Route->run()
#23 C:\xampp7\htdocs\igniter\vendor\laravel\framework\src\Illuminate\Routing\Pipeline.php(30): Illuminate\Routing\Router->Illuminate\Routing\{closure}(Object(Illuminate\Http\Request))
#24 C:\xampp7\htdocs\igniter\vendor\tastyigniter\flame\src\Translation\Middleware\Localization.php(23): Illuminate\Routing\Pipeline->Illuminate\Routing\{closure}(Object(Illuminate\Http\Request))
#25 C:\xampp7\htdocs\igniter\vendor\laravel\framework\src\Illuminate\Pipeline\Pipeline.php(149): Igniter\Flame\Translation\Middleware\Localization->handle(Object(Illuminate\Http\Request), Object(Closure))
#26 C:\xampp7\htdocs\igniter\vendor\laravel\framework\src\Illuminate\Routing\Pipeline.php(53): Illuminate\Pipeline\Pipeline->Illuminate\Pipeline\{closure}(Object(Illuminate\Http\Request))
#27 C:\xampp7\htdocs\igniter\vendor\laravel\framework\src\Illuminate\Routing\Middleware\SubstituteBindings.php(41): Illuminate\Routing\Pipeline->Illuminate\Routing\{closure}(Object(Illuminate\Http\Request))
#28 C:\xampp7\htdocs\igniter\vendor\laravel\framework\src\Illuminate\Pipeline\Pipeline.php(149): Illuminate\Routing\Middleware\SubstituteBindings->handle(Object(Illuminate\Http\Request), Object(Closure))
#29 C:\xampp7\htdocs\igniter\vendor\laravel\framework\src\Illuminate\Routing\Pipeline.php(53): Illuminate\Pipeline\Pipeline->Illuminate\Pipeline\{closure}(Object(Illuminate\Http\Request))
#30 C:\xampp7\htdocs\igniter\vendor\laravel\framework\src\Illuminate\View\Middleware\ShareErrorsFromSession.php(49): Illuminate\Routing\Pipeline->Illuminate\Routing\{closure}(Object(Illuminate\Http\Request))
#31 C:\xampp7\htdocs\igniter\vendor\laravel\framework\src\Illuminate\Pipeline\Pipeline.php(149): Illuminate\View\Middleware\ShareErrorsFromSession->handle(Object(Illuminate\Http\Request), Object(Closure))
#32 C:\xampp7\htdocs\igniter\vendor\laravel\framework\src\Illuminate\Routing\Pipeline.php(53): Illuminate\Pipeline\Pipeline->Illuminate\Pipeline\{closure}(Object(Illuminate\Http\Request))
#33 C:\xampp7\htdocs\igniter\vendor\laravel\framework\src\Illuminate\Session\Middleware\StartSession.php(63): Illuminate\Routing\Pipeline->Illuminate\Routing\{closure}(Object(Illuminate\Http\Request))
#34 C:\xampp7\htdocs\igniter\vendor\laravel\framework\src\Illuminate\Pipeline\Pipeline.php(149): Illuminate\Session\Middleware\StartSession->handle(Object(Illuminate\Http\Request), Object(Closure))
#35 C:\xampp7\htdocs\igniter\vendor\laravel\framework\src\Illuminate\Routing\Pipeline.php(53): Illuminate\Pipeline\Pipeline->Illuminate\Pipeline\{closure}(Object(Illuminate\Http\Request))
#36 C:\xampp7\htdocs\igniter\vendor\laravel\framework\src\Illuminate\Cookie\Middleware\AddQueuedCookiesToResponse.php(37): Illuminate\Routing\Pipeline->Illuminate\Routing\{closure}(Object(Illuminate\Http\Request))
#37 C:\xampp7\htdocs\igniter\vendor\laravel\framework\src\Illuminate\Pipeline\Pipeline.php(149): Illuminate\Cookie\Middleware\AddQueuedCookiesToResponse->handle(Object(Illuminate\Http\Request), Object(Closure))
#38 C:\xampp7\htdocs\igniter\vendor\laravel\framework\src\Illuminate\Routing\Pipeline.php(53): Illuminate\Pipeline\Pipeline->Illuminate\Pipeline\{closure}(Object(Illuminate\Http\Request))
#39 C:\xampp7\htdocs\igniter\vendor\laravel\framework\src\Illuminate\Cookie\Middleware\EncryptCookies.php(66): Illuminate\Routing\Pipeline->Illuminate\Routing\{closure}(Object(Illuminate\Http\Request))
#40 C:\xampp7\htdocs\igniter\vendor\laravel\framework\src\Illuminate\Pipeline\Pipeline.php(149): Illuminate\Cookie\Middleware\EncryptCookies->handle(Object(Illuminate\Http\Request), Object(Closure))
#41 C:\xampp7\htdocs\igniter\vendor\laravel\framework\src\Illuminate\Routing\Pipeline.php(53): Illuminate\Pipeline\Pipeline->Illuminate\Pipeline\{closure}(Object(Illuminate\Http\Request))
#42 C:\xampp7\htdocs\igniter\vendor\laravel\framework\src\Illuminate\Pipeline\Pipeline.php(102): Illuminate\Routing\Pipeline->Illuminate\Routing\{closure}(Object(Illuminate\Http\Request))
#43 C:\xampp7\htdocs\igniter\vendor\laravel\framework\src\Illuminate\Routing\Router.php(660): Illuminate\Pipeline\Pipeline->then(Object(Closure))
#44 C:\xampp7\htdocs\igniter\vendor\laravel\framework\src\Illuminate\Routing\Router.php(635): Illuminate\Routing\Router->runRouteWithinStack(Object(Illuminate\Routing\Route), Object(Illuminate\Http\Request))
#45 C:\xampp7\htdocs\igniter\vendor\laravel\framework\src\Illuminate\Routing\Router.php(601): Illuminate\Routing\Router->runRoute(Object(Illuminate\Http\Request), Object(Illuminate\Routing\Route))
#46 C:\xampp7\htdocs\igniter\vendor\october\rain\src\Router\CoreRouter.php(20): Illuminate\Routing\Router->dispatchToRoute(Object(Illuminate\Http\Request))
#47 C:\xampp7\htdocs\igniter\vendor\laravel\framework\src\Illuminate\Foundation\Http\Kernel.php(176): October\Rain\Router\CoreRouter->dispatch(Object(Illuminate\Http\Request))
#48 C:\xampp7\htdocs\igniter\vendor\laravel\framework\src\Illuminate\Routing\Pipeline.php(30): Illuminate\Foundation\Http\Kernel->Illuminate\Foundation\Http\{closure}(Object(Illuminate\Http\Request))
#49 C:\xampp7\htdocs\igniter\vendor\tastyigniter\flame\src\Setting\Middleware\SaveSetting.php(25): Illuminate\Routing\Pipeline->Illuminate\Routing\{closure}(Object(Illuminate\Http\Request))
#50 C:\xampp7\htdocs\igniter\vendor\laravel\framework\src\Illuminate\Pipeline\Pipeline.php(149): Igniter\Flame\Setting\Middleware\SaveSetting->handle(Object(Illuminate\Http\Request), Object(Closure))
#51 C:\xampp7\htdocs\igniter\vendor\laravel\framework\src\Illuminate\Routing\Pipeline.php(53): Illuminate\Pipeline\Pipeline->Illuminate\Pipeline\{closure}(Object(Illuminate\Http\Request))
#52 C:\xampp7\htdocs\igniter\vendor\fideloper\proxy\src\TrustProxies.php(56): Illuminate\Routing\Pipeline->Illuminate\Routing\{closure}(Object(Illuminate\Http\Request))
#53 C:\xampp7\htdocs\igniter\vendor\laravel\framework\src\Illuminate\Pipeline\Pipeline.php(149): Fideloper\Proxy\TrustProxies->handle(Object(Illuminate\Http\Request), Object(Closure))
#54 C:\xampp7\htdocs\igniter\vendor\laravel\framework\src\Illuminate\Routing\Pipeline.php(53): Illuminate\Pipeline\Pipeline->Illuminate\Pipeline\{closure}(Object(Illuminate\Http\Request))
#55 C:\xampp7\htdocs\igniter\vendor\laravel\framework\src\Illuminate\Foundation\Http\Middleware\TransformsRequest.php(30): Illuminate\Routing\Pipeline->Illuminate\Routing\{closure}(Object(Illuminate\Http\Request))
#56 C:\xampp7\htdocs\igniter\vendor\laravel\framework\src\Illuminate\Pipeline\Pipeline.php(149): Illuminate\Foundation\Http\Middleware\TransformsRequest->handle(Object(Illuminate\Http\Request), Object(Closure))
#57 C:\xampp7\htdocs\igniter\vendor\laravel\framework\src\Illuminate\Routing\Pipeline.php(53): Illuminate\Pipeline\Pipeline->Illuminate\Pipeline\{closure}(Object(Illuminate\Http\Request))
#58 C:\xampp7\htdocs\igniter\vendor\laravel\framework\src\Illuminate\Foundation\Http\Middleware\ValidatePostSize.php(27): Illuminate\Routing\Pipeline->Illuminate\Routing\{closure}(Object(Illuminate\Http\Request))
#59 C:\xampp7\htdocs\igniter\vendor\laravel\framework\src\Illuminate\Pipeline\Pipeline.php(149): Illuminate\Foundation\Http\Middleware\ValidatePostSize->handle(Object(Illuminate\Http\Request), Object(Closure))
#60 C:\xampp7\htdocs\igniter\vendor\laravel\framework\src\Illuminate\Routing\Pipeline.php(53): Illuminate\Pipeline\Pipeline->Illuminate\Pipeline\{closure}(Object(Illuminate\Http\Request))
#61 C:\xampp7\htdocs\igniter\vendor\laravel\framework\src\Illuminate\Foundation\Http\Middleware\CheckForMaintenanceMode.php(46): Illuminate\Routing\Pipeline->Illuminate\Routing\{closure}(Object(Illuminate\Http\Request))
#62 C:\xampp7\htdocs\igniter\vendor\laravel\framework\src\Illuminate\Pipeline\Pipeline.php(149): Illuminate\Foundation\Http\Middleware\CheckForMaintenanceMode->handle(Object(Illuminate\Http\Request), Object(Closure))
#63 C:\xampp7\htdocs\igniter\vendor\laravel\framework\src\Illuminate\Routing\Pipeline.php(53): Illuminate\Pipeline\Pipeline->Illuminate\Pipeline\{closure}(Object(Illuminate\Http\Request))
#64 C:\xampp7\htdocs\igniter\vendor\laravel\framework\src\Illuminate\Pipeline\Pipeline.php(102): Illuminate\Routing\Pipeline->Illuminate\Routing\{closure}(Object(Illuminate\Http\Request))
#65 C:\xampp7\htdocs\igniter\vendor\laravel\framework\src\Illuminate\Foundation\Http\Kernel.php(151): Illuminate\Pipeline\Pipeline->then(Object(Closure))
#66 C:\xampp7\htdocs\igniter\vendor\laravel\framework\src\Illuminate\Foundation\Http\Kernel.php(116): Illuminate\Foundation\Http\Kernel->sendRequestThroughRouter(Object(Illuminate\Http\Request))
#67 C:\xampp7\htdocs\igniter\index.php(53): Illuminate\Foundation\Http\Kernel->handle(Object(Illuminate\Http\Request))
#68 {main}  
[2019-08-13 19:02:03] development.ERROR: PDOException: SQLSTATE[42S22]: Column not found: 1054 Unknown column 'user_type' in 'where clause' in C:\xampp7\htdocs\igniter\vendor\doctrine\dbal\lib\Doctrine\DBAL\Driver\PDOConnection.php:77
Stack trace:
#0 C:\xampp7\htdocs\igniter\vendor\doctrine\dbal\lib\Doctrine\DBAL\Driver\PDOConnection.php(77): PDO->prepare('select count(*)...', Array)
#1 C:\xampp7\htdocs\igniter\vendor\laravel\framework\src\Illuminate\Database\Connection.php(326): Doctrine\DBAL\Driver\PDOConnection->prepare('select count(*)...')
#2 C:\xampp7\htdocs\igniter\vendor\laravel\framework\src\Illuminate\Database\Connection.php(657): Illuminate\Database\Connection->Illuminate\Database\{closure}('select count(*)...', Array)
#3 C:\xampp7\htdocs\igniter\vendor\laravel\framework\src\Illuminate\Database\Connection.php(624): Illuminate\Database\Connection->runQueryCallback('select count(*)...', Array, Object(Closure))
#4 C:\xampp7\htdocs\igniter\vendor\laravel\framework\src\Illuminate\Database\Connection.php(333): Illuminate\Database\Connection->run('select count(*)...', Array, Object(Closure))
#5 C:\xampp7\htdocs\igniter\vendor\laravel\framework\src\Illuminate\Database\Query\Builder.php(1719): Illuminate\Database\Connection->select('select count(*)...', Array, true)
#6 C:\xampp7\htdocs\igniter\vendor\laravel\framework\src\Illuminate\Database\Query\Builder.php(1704): Illuminate\Database\Query\Builder->runSelect()
#7 C:\xampp7\htdocs\igniter\vendor\laravel\framework\src\Illuminate\Database\Query\Builder.php(1804): Illuminate\Database\Query\Builder->get()
#8 C:\xampp7\htdocs\igniter\vendor\laravel\framework\src\Illuminate\Database\Query\Builder.php(1777): Illuminate\Database\Query\Builder->runPaginationCountQuery(Array)
#9 C:\xampp7\htdocs\igniter\app\system\models\Activities_model.php(19): Illuminate\Database\Query\Builder->getCountForPagination()
#10 [internal function]: System\Models\Activities_model::listMenuActivities(Object(Admin\Widgets\Menu), Object(Admin\Classes\MenuItem), Object(Admin\Models\Users_model))
#11 C:\xampp7\htdocs\igniter\app\admin\widgets\Menu.php(237): call_user_func(Array, Object(Admin\Widgets\Menu), Object(Admin\Classes\MenuItem), Object(Admin\Models\Users_model))
#12 C:\xampp7\htdocs\igniter\app\admin\widgets\Menu.php(143): Admin\Widgets\Menu->getOptionsFromModel(Object(Admin\Classes\MenuItem), Array)
#13 C:\xampp7\htdocs\igniter\app\admin\classes\MenuItem.php(118): Admin\Widgets\Menu->Admin\Widgets\{closure}()
#14 C:\xampp7\htdocs\igniter\app\admin\widgets\Menu.php(205): Admin\Classes\MenuItem->options()
#15 [internal function]: Admin\Widgets\Menu->onGetDropdownOptions('edit', 'general')
#16 C:\xampp7\htdocs\igniter\app\admin\classes\AdminController.php(296): call_user_func_array(Array, Array)
#17 C:\xampp7\htdocs\igniter\app\admin\classes\AdminController.php(189): Admin\Classes\AdminController->runHandler('mainmenu::onGet...', Array)
#18 C:\xampp7\htdocs\igniter\app\admin\classes\AdminController.php(149): Admin\Classes\AdminController->processHandlers()
#19 C:\xampp7\htdocs\igniter\app\system\classes\Controller.php(104): Admin\Classes\AdminController->remap('edit', Array)
#20 [internal function]: System\Classes\Controller->runAdmin('settings/edit/g...')
#21 C:\xampp7\htdocs\igniter\vendor\laravel\framework\src\Illuminate\Routing\Controller.php(54): call_user_func_array(Array, Array)
#22 C:\xampp7\htdocs\igniter\vendor\laravel\framework\src\Illuminate\Routing\ControllerDispatcher.php(45): Illuminate\Routing\Controller->callAction('runAdmin', Array)
#23 C:\xampp7\htdocs\igniter\vendor\laravel\framework\src\Illuminate\Routing\Route.php(212): Illuminate\Routing\ControllerDispatcher->dispatch(Object(Illuminate\Routing\Route), Object(System\Classes\Controller), 'runAdmin')
#24 C:\xampp7\htdocs\igniter\vendor\laravel\framework\src\Illuminate\Routing\Route.php(169): Illuminate\Routing\Route->runController()
#25 C:\xampp7\htdocs\igniter\vendor\laravel\framework\src\Illuminate\Routing\Router.php(658): Illuminate\Routing\Route->run()
#26 C:\xampp7\htdocs\igniter\vendor\laravel\framework\src\Illuminate\Routing\Pipeline.php(30): Illuminate\Routing\Router->Illuminate\Routing\{closure}(Object(Illuminate\Http\Request))
#27 C:\xampp7\htdocs\igniter\vendor\tastyigniter\flame\src\Translation\Middleware\Localization.php(23): Illuminate\Routing\Pipeline->Illuminate\Routing\{closure}(Object(Illuminate\Http\Request))
#28 C:\xampp7\htdocs\igniter\vendor\laravel\framework\src\Illuminate\Pipeline\Pipeline.php(149): Igniter\Flame\Translation\Middleware\Localization->handle(Object(Illuminate\Http\Request), Object(Closure))
#29 C:\xampp7\htdocs\igniter\vendor\laravel\framework\src\Illuminate\Routing\Pipeline.php(53): Illuminate\Pipeline\Pipeline->Illuminate\Pipeline\{closure}(Object(Illuminate\Http\Request))
#30 C:\xampp7\htdocs\igniter\vendor\laravel\framework\src\Illuminate\Routing\Middleware\SubstituteBindings.php(41): Illuminate\Routing\Pipeline->Illuminate\Routing\{closure}(Object(Illuminate\Http\Request))
#31 C:\xampp7\htdocs\igniter\vendor\laravel\framework\src\Illuminate\Pipeline\Pipeline.php(149): Illuminate\Routing\Middleware\SubstituteBindings->handle(Object(Illuminate\Http\Request), Object(Closure))
#32 C:\xampp7\htdocs\igniter\vendor\laravel\framework\src\Illuminate\Routing\Pipeline.php(53): Illuminate\Pipeline\Pipeline->Illuminate\Pipeline\{closure}(Object(Illuminate\Http\Request))
#33 C:\xampp7\htdocs\igniter\vendor\laravel\framework\src\Illuminate\View\Middleware\ShareErrorsFromSession.php(49): Illuminate\Routing\Pipeline->Illuminate\Routing\{closure}(Object(Illuminate\Http\Request))
#34 C:\xampp7\htdocs\igniter\vendor\laravel\framework\src\Illuminate\Pipeline\Pipeline.php(149): Illuminate\View\Middleware\ShareErrorsFromSession->handle(Object(Illuminate\Http\Request), Object(Closure))
#35 C:\xampp7\htdocs\igniter\vendor\laravel\framework\src\Illuminate\Routing\Pipeline.php(53): Illuminate\Pipeline\Pipeline->Illuminate\Pipeline\{closure}(Object(Illuminate\Http\Request))
#36 C:\xampp7\htdocs\igniter\vendor\laravel\framework\src\Illuminate\Session\Middleware\StartSession.php(63): Illuminate\Routing\Pipeline->Illuminate\Routing\{closure}(Object(Illuminate\Http\Request))
#37 C:\xampp7\htdocs\igniter\vendor\laravel\framework\src\Illuminate\Pipeline\Pipeline.php(149): Illuminate\Session\Middleware\StartSession->handle(Object(Illuminate\Http\Request), Object(Closure))
#38 C:\xampp7\htdocs\igniter\vendor\laravel\framework\src\Illuminate\Routing\Pipeline.php(53): Illuminate\Pipeline\Pipeline->Illuminate\Pipeline\{closure}(Object(Illuminate\Http\Request))
#39 C:\xampp7\htdocs\igniter\vendor\laravel\framework\src\Illuminate\Cookie\Middleware\AddQueuedCookiesToResponse.php(37): Illuminate\Routing\Pipeline->Illuminate\Routing\{closure}(Object(Illuminate\Http\Request))
#40 C:\xampp7\htdocs\igniter\vendor\laravel\framework\src\Illuminate\Pipeline\Pipeline.php(149): Illuminate\Cookie\Middleware\AddQueuedCookiesToResponse->handle(Object(Illuminate\Http\Request), Object(Closure))
#41 C:\xampp7\htdocs\igniter\vendor\laravel\framework\src\Illuminate\Routing\Pipeline.php(53): Illuminate\Pipeline\Pipeline->Illuminate\Pipeline\{closure}(Object(Illuminate\Http\Request))
#42 C:\xampp7\htdocs\igniter\vendor\laravel\framework\src\Illuminate\Cookie\Middleware\EncryptCookies.php(66): Illuminate\Routing\Pipeline->Illuminate\Routing\{closure}(Object(Illuminate\Http\Request))
#43 C:\xampp7\htdocs\igniter\vendor\laravel\framework\src\Illuminate\Pipeline\Pipeline.php(149): Illuminate\Cookie\Middleware\EncryptCookies->handle(Object(Illuminate\Http\Request), Object(Closure))
#44 C:\xampp7\htdocs\igniter\vendor\laravel\framework\src\Illuminate\Routing\Pipeline.php(53): Illuminate\Pipeline\Pipeline->Illuminate\Pipeline\{closure}(Object(Illuminate\Http\Request))
#45 C:\xampp7\htdocs\igniter\vendor\laravel\framework\src\Illuminate\Pipeline\Pipeline.php(102): Illuminate\Routing\Pipeline->Illuminate\Routing\{closure}(Object(Illuminate\Http\Request))
#46 C:\xampp7\htdocs\igniter\vendor\laravel\framework\src\Illuminate\Routing\Router.php(660): Illuminate\Pipeline\Pipeline->then(Object(Closure))
#47 C:\xampp7\htdocs\igniter\vendor\laravel\framework\src\Illuminate\Routing\Router.php(635): Illuminate\Routing\Router->runRouteWithinStack(Object(Illuminate\Routing\Route), Object(Illuminate\Http\Request))
#48 C:\xampp7\htdocs\igniter\vendor\laravel\framework\src\Illuminate\Routing\Router.php(601): Illuminate\Routing\Router->runRoute(Object(Illuminate\Http\Request), Object(Illuminate\Routing\Route))
#49 C:\xampp7\htdocs\igniter\vendor\october\rain\src\Router\CoreRouter.php(20): Illuminate\Routing\Router->dispatchToRoute(Object(Illuminate\Http\Request))
#50 C:\xampp7\htdocs\igniter\vendor\laravel\framework\src\Illuminate\Foundation\Http\Kernel.php(176): October\Rain\Router\CoreRouter->dispatch(Object(Illuminate\Http\Request))
#51 C:\xampp7\htdocs\igniter\vendor\laravel\framework\src\Illuminate\Routing\Pipeline.php(30): Illuminate\Foundation\Http\Kernel->Illuminate\Foundation\Http\{closure}(Object(Illuminate\Http\Request))
#52 C:\xampp7\htdocs\igniter\vendor\tastyigniter\flame\src\Setting\Middleware\SaveSetting.php(25): Illuminate\Routing\Pipeline->Illuminate\Routing\{closure}(Object(Illuminate\Http\Request))
#53 C:\xampp7\htdocs\igniter\vendor\laravel\framework\src\Illuminate\Pipeline\Pipeline.php(149): Igniter\Flame\Setting\Middleware\SaveSetting->handle(Object(Illuminate\Http\Request), Object(Closure))
#54 C:\xampp7\htdocs\igniter\vendor\laravel\framework\src\Illuminate\Routing\Pipeline.php(53): Illuminate\Pipeline\Pipeline->Illuminate\Pipeline\{closure}(Object(Illuminate\Http\Request))
#55 C:\xampp7\htdocs\igniter\vendor\fideloper\proxy\src\TrustProxies.php(56): Illuminate\Routing\Pipeline->Illuminate\Routing\{closure}(Object(Illuminate\Http\Request))
#56 C:\xampp7\htdocs\igniter\vendor\laravel\framework\src\Illuminate\Pipeline\Pipeline.php(149): Fideloper\Proxy\TrustProxies->handle(Object(Illuminate\Http\Request), Object(Closure))
#57 C:\xampp7\htdocs\igniter\vendor\laravel\framework\src\Illuminate\Routing\Pipeline.php(53): Illuminate\Pipeline\Pipeline->Illuminate\Pipeline\{closure}(Object(Illuminate\Http\Request))
#58 C:\xampp7\htdocs\igniter\vendor\laravel\framework\src\Illuminate\Foundation\Http\Middleware\TransformsRequest.php(30): Illuminate\Routing\Pipeline->Illuminate\Routing\{closure}(Object(Illuminate\Http\Request))
#59 C:\xampp7\htdocs\igniter\vendor\laravel\framework\src\Illuminate\Pipeline\Pipeline.php(149): Illuminate\Foundation\Http\Middleware\TransformsRequest->handle(Object(Illuminate\Http\Request), Object(Closure))
#60 C:\xampp7\htdocs\igniter\vendor\laravel\framework\src\Illuminate\Routing\Pipeline.php(53): Illuminate\Pipeline\Pipeline->Illuminate\Pipeline\{closure}(Object(Illuminate\Http\Request))
#61 C:\xampp7\htdocs\igniter\vendor\laravel\framework\src\Illuminate\Foundation\Http\Middleware\ValidatePostSize.php(27): Illuminate\Routing\Pipeline->Illuminate\Routing\{closure}(Object(Illuminate\Http\Request))
#62 C:\xampp7\htdocs\igniter\vendor\laravel\framework\src\Illuminate\Pipeline\Pipeline.php(149): Illuminate\Foundation\Http\Middleware\ValidatePostSize->handle(Object(Illuminate\Http\Request), Object(Closure))
#63 C:\xampp7\htdocs\igniter\vendor\laravel\framework\src\Illuminate\Routing\Pipeline.php(53): Illuminate\Pipeline\Pipeline->Illuminate\Pipeline\{closure}(Object(Illuminate\Http\Request))
#64 C:\xampp7\htdocs\igniter\vendor\laravel\framework\src\Illuminate\Foundation\Http\Middleware\CheckForMaintenanceMode.php(46): Illuminate\Routing\Pipeline->Illuminate\Routing\{closure}(Object(Illuminate\Http\Request))
#65 C:\xampp7\htdocs\igniter\vendor\laravel\framework\src\Illuminate\Pipeline\Pipeline.php(149): Illuminate\Foundation\Http\Middleware\CheckForMaintenanceMode->handle(Object(Illuminate\Http\Request), Object(Closure))
#66 C:\xampp7\htdocs\igniter\vendor\laravel\framework\src\Illuminate\Routing\Pipeline.php(53): Illuminate\Pipeline\Pipeline->Illuminate\Pipeline\{closure}(Object(Illuminate\Http\Request))
#67 C:\xampp7\htdocs\igniter\vendor\laravel\framework\src\Illuminate\Pipeline\Pipeline.php(102): Illuminate\Routing\Pipeline->Illuminate\Routing\{closure}(Object(Illuminate\Http\Request))
#68 C:\xampp7\htdocs\igniter\vendor\laravel\framework\src\Illuminate\Foundation\Http\Kernel.php(151): Illuminate\Pipeline\Pipeline->then(Object(Closure))
#69 C:\xampp7\htdocs\igniter\vendor\laravel\framework\src\Illuminate\Foundation\Http\Kernel.php(116): Illuminate\Foundation\Http\Kernel->sendRequestThroughRouter(Object(Illuminate\Http\Request))
#70 C:\xampp7\htdocs\igniter\index.php(53): Illuminate\Foundation\Http\Kernel->handle(Object(Illuminate\Http\Request))
#71 {main}

Next Doctrine\DBAL\Driver\PDOException: SQLSTATE[42S22]: Column not found: 1054 Unknown column 'user_type' in 'where clause' in C:\xampp7\htdocs\igniter\vendor\doctrine\dbal\lib\Doctrine\DBAL\Driver\PDOConnection.php:79
Stack trace:
#0 C:\xampp7\htdocs\igniter\vendor\laravel\framework\src\Illuminate\Database\Connection.php(326): Doctrine\DBAL\Driver\PDOConnection->prepare('select count(*)...')
#1 C:\xampp7\htdocs\igniter\vendor\laravel\framework\src\Illuminate\Database\Connection.php(657): Illuminate\Database\Connection->Illuminate\Database\{closure}('select count(*)...', Array)
#2 C:\xampp7\htdocs\igniter\vendor\laravel\framework\src\Illuminate\Database\Connection.php(624): Illuminate\Database\Connection->runQueryCallback('select count(*)...', Array, Object(Closure))
#3 C:\xampp7\htdocs\igniter\vendor\laravel\framework\src\Illuminate\Database\Connection.php(333): Illuminate\Database\Connection->run('select count(*)...', Array, Object(Closure))
#4 C:\xampp7\htdocs\igniter\vendor\laravel\framework\src\Illuminate\Database\Query\Builder.php(1719): Illuminate\Database\Connection->select('select count(*)...', Array, true)
#5 C:\xampp7\htdocs\igniter\vendor\laravel\framework\src\Illuminate\Database\Query\Builder.php(1704): Illuminate\Database\Query\Builder->runSelect()
#6 C:\xampp7\htdocs\igniter\vendor\laravel\framework\src\Illuminate\Database\Query\Builder.php(1804): Illuminate\Database\Query\Builder->get()
#7 C:\xampp7\htdocs\igniter\vendor\laravel\framework\src\Illuminate\Database\Query\Builder.php(1777): Illuminate\Database\Query\Builder->runPaginationCountQuery(Array)
#8 C:\xampp7\htdocs\igniter\app\system\models\Activities_model.php(19): Illuminate\Database\Query\Builder->getCountForPagination()
#9 [internal function]: System\Models\Activities_model::listMenuActivities(Object(Admin\Widgets\Menu), Object(Admin\Classes\MenuItem), Object(Admin\Models\Users_model))
#10 C:\xampp7\htdocs\igniter\app\admin\widgets\Menu.php(237): call_user_func(Array, Object(Admin\Widgets\Menu), Object(Admin\Classes\MenuItem), Object(Admin\Models\Users_model))
#11 C:\xampp7\htdocs\igniter\app\admin\widgets\Menu.php(143): Admin\Widgets\Menu->getOptionsFromModel(Object(Admin\Classes\MenuItem), Array)
#12 C:\xampp7\htdocs\igniter\app\admin\classes\MenuItem.php(118): Admin\Widgets\Menu->Admin\Widgets\{closure}()
#13 C:\xampp7\htdocs\igniter\app\admin\widgets\Menu.php(205): Admin\Classes\MenuItem->options()
#14 [internal function]: Admin\Widgets\Menu->onGetDropdownOptions('edit', 'general')
#15 C:\xampp7\htdocs\igniter\app\admin\classes\AdminController.php(296): call_user_func_array(Array, Array)
#16 C:\xampp7\htdocs\igniter\app\admin\classes\AdminController.php(189): Admin\Classes\AdminController->runHandler('mainmenu::onGet...', Array)
#17 C:\xampp7\htdocs\igniter\app\admin\classes\AdminController.php(149): Admin\Classes\AdminController->processHandlers()
#18 C:\xampp7\htdocs\igniter\app\system\classes\Controller.php(104): Admin\Classes\AdminController->remap('edit', Array)
#19 [internal function]: System\Classes\Controller->runAdmin('settings/edit/g...')
#20 C:\xampp7\htdocs\igniter\vendor\laravel\framework\src\Illuminate\Routing\Controller.php(54): call_user_func_array(Array, Array)
#21 C:\xampp7\htdocs\igniter\vendor\laravel\framework\src\Illuminate\Routing\ControllerDispatcher.php(45): Illuminate\Routing\Controller->callAction('runAdmin', Array)
#22 C:\xampp7\htdocs\igniter\vendor\laravel\framework\src\Illuminate\Routing\Route.php(212): Illuminate\Routing\ControllerDispatcher->dispatch(Object(Illuminate\Routing\Route), Object(System\Classes\Controller), 'runAdmin')
#23 C:\xampp7\htdocs\igniter\vendor\laravel\framework\src\Illuminate\Routing\Route.php(169): Illuminate\Routing\Route->runController()
#24 C:\xampp7\htdocs\igniter\vendor\laravel\framework\src\Illuminate\Routing\Router.php(658): Illuminate\Routing\Route->run()
#25 C:\xampp7\htdocs\igniter\vendor\laravel\framework\src\Illuminate\Routing\Pipeline.php(30): Illuminate\Routing\Router->Illuminate\Routing\{closure}(Object(Illuminate\Http\Request))
#26 C:\xampp7\htdocs\igniter\vendor\tastyigniter\flame\src\Translation\Middleware\Localization.php(23): Illuminate\Routing\Pipeline->Illuminate\Routing\{closure}(Object(Illuminate\Http\Request))
#27 C:\xampp7\htdocs\igniter\vendor\laravel\framework\src\Illuminate\Pipeline\Pipeline.php(149): Igniter\Flame\Translation\Middleware\Localization->handle(Object(Illuminate\Http\Request), Object(Closure))
#28 C:\xampp7\htdocs\igniter\vendor\laravel\framework\src\Illuminate\Routing\Pipeline.php(53): Illuminate\Pipeline\Pipeline->Illuminate\Pipeline\{closure}(Object(Illuminate\Http\Request))
#29 C:\xampp7\htdocs\igniter\vendor\laravel\framework\src\Illuminate\Routing\Middleware\SubstituteBindings.php(41): Illuminate\Routing\Pipeline->Illuminate\Routing\{closure}(Object(Illuminate\Http\Request))
#30 C:\xampp7\htdocs\igniter\vendor\laravel\framework\src\Illuminate\Pipeline\Pipeline.php(149): Illuminate\Routing\Middleware\SubstituteBindings->handle(Object(Illuminate\Http\Request), Object(Closure))
#31 C:\xampp7\htdocs\igniter\vendor\laravel\framework\src\Illuminate\Routing\Pipeline.php(53): Illuminate\Pipeline\Pipeline->Illuminate\Pipeline\{closure}(Object(Illuminate\Http\Request))
#32 C:\xampp7\htdocs\igniter\vendor\laravel\framework\src\Illuminate\View\Middleware\ShareErrorsFromSession.php(49): Illuminate\Routing\Pipeline->Illuminate\Routing\{closure}(Object(Illuminate\Http\Request))
#33 C:\xampp7\htdocs\igniter\vendor\laravel\framework\src\Illuminate\Pipeline\Pipeline.php(149): Illuminate\View\Middleware\ShareErrorsFromSession->handle(Object(Illuminate\Http\Request), Object(Closure))
#34 C:\xampp7\htdocs\igniter\vendor\laravel\framework\src\Illuminate\Routing\Pipeline.php(53): Illuminate\Pipeline\Pipeline->Illuminate\Pipeline\{closure}(Object(Illuminate\Http\Request))
#35 C:\xampp7\htdocs\igniter\vendor\laravel\framework\src\Illuminate\Session\Middleware\StartSession.php(63): Illuminate\Routing\Pipeline->Illuminate\Routing\{closure}(Object(Illuminate\Http\Request))
#36 C:\xampp7\htdocs\igniter\vendor\laravel\framework\src\Illuminate\Pipeline\Pipeline.php(149): Illuminate\Session\Middleware\StartSession->handle(Object(Illuminate\Http\Request), Object(Closure))
#37 C:\xampp7\htdocs\igniter\vendor\laravel\framework\src\Illuminate\Routing\Pipeline.php(53): Illuminate\Pipeline\Pipeline->Illuminate\Pipeline\{closure}(Object(Illuminate\Http\Request))
#38 C:\xampp7\htdocs\igniter\vendor\laravel\framework\src\Illuminate\Cookie\Middleware\AddQueuedCookiesToResponse.php(37): Illuminate\Routing\Pipeline->Illuminate\Routing\{closure}(Object(Illuminate\Http\Request))
#39 C:\xampp7\htdocs\igniter\vendor\laravel\framework\src\Illuminate\Pipeline\Pipeline.php(149): Illuminate\Cookie\Middleware\AddQueuedCookiesToResponse->handle(Object(Illuminate\Http\Request), Object(Closure))
#40 C:\xampp7\htdocs\igniter\vendor\laravel\framework\src\Illuminate\Routing\Pipeline.php(53): Illuminate\Pipeline\Pipeline->Illuminate\Pipeline\{closure}(Object(Illuminate\Http\Request))
#41 C:\xampp7\htdocs\igniter\vendor\laravel\framework\src\Illuminate\Cookie\Middleware\EncryptCookies.php(66): Illuminate\Routing\Pipeline->Illuminate\Routing\{closure}(Object(Illuminate\Http\Request))
#42 C:\xampp7\htdocs\igniter\vendor\laravel\framework\src\Illuminate\Pipeline\Pipeline.php(149): Illuminate\Cookie\Middleware\EncryptCookies->handle(Object(Illuminate\Http\Request), Object(Closure))
#43 C:\xampp7\htdocs\igniter\vendor\laravel\framework\src\Illuminate\Routing\Pipeline.php(53): Illuminate\Pipeline\Pipeline->Illuminate\Pipeline\{closure}(Object(Illuminate\Http\Request))
#44 C:\xampp7\htdocs\igniter\vendor\laravel\framework\src\Illuminate\Pipeline\Pipeline.php(102): Illuminate\Routing\Pipeline->Illuminate\Routing\{closure}(Object(Illuminate\Http\Request))
#45 C:\xampp7\htdocs\igniter\vendor\laravel\framework\src\Illuminate\Routing\Router.php(660): Illuminate\Pipeline\Pipeline->then(Object(Closure))
#46 C:\xampp7\htdocs\igniter\vendor\laravel\framework\src\Illuminate\Routing\Router.php(635): Illuminate\Routing\Router->runRouteWithinStack(Object(Illuminate\Routing\Route), Object(Illuminate\Http\Request))
#47 C:\xampp7\htdocs\igniter\vendor\laravel\framework\src\Illuminate\Routing\Router.php(601): Illuminate\Routing\Router->runRoute(Object(Illuminate\Http\Request), Object(Illuminate\Routing\Route))
#48 C:\xampp7\htdocs\igniter\vendor\october\rain\src\Router\CoreRouter.php(20): Illuminate\Routing\Router->dispatchToRoute(Object(Illuminate\Http\Request))
#49 C:\xampp7\htdocs\igniter\vendor\laravel\framework\src\Illuminate\Foundation\Http\Kernel.php(176): October\Rain\Router\CoreRouter->dispatch(Object(Illuminate\Http\Request))
#50 C:\xampp7\htdocs\igniter\vendor\laravel\framework\src\Illuminate\Routing\Pipeline.php(30): Illuminate\Foundation\Http\Kernel->Illuminate\Foundation\Http\{closure}(Object(Illuminate\Http\Request))
#51 C:\xampp7\htdocs\igniter\vendor\tastyigniter\flame\src\Setting\Middleware\SaveSetting.php(25): Illuminate\Routing\Pipeline->Illuminate\Routing\{closure}(Object(Illuminate\Http\Request))
#52 C:\xampp7\htdocs\igniter\vendor\laravel\framework\src\Illuminate\Pipeline\Pipeline.php(149): Igniter\Flame\Setting\Middleware\SaveSetting->handle(Object(Illuminate\Http\Request), Object(Closure))
#53 C:\xampp7\htdocs\igniter\vendor\laravel\framework\src\Illuminate\Routing\Pipeline.php(53): Illuminate\Pipeline\Pipeline->Illuminate\Pipeline\{closure}(Object(Illuminate\Http\Request))
#54 C:\xampp7\htdocs\igniter\vendor\fideloper\proxy\src\TrustProxies.php(56): Illuminate\Routing\Pipeline->Illuminate\Routing\{closure}(Object(Illuminate\Http\Request))
#55 C:\xampp7\htdocs\igniter\vendor\laravel\framework\src\Illuminate\Pipeline\Pipeline.php(149): Fideloper\Proxy\TrustProxies->handle(Object(Illuminate\Http\Request), Object(Closure))
#56 C:\xampp7\htdocs\igniter\vendor\laravel\framework\src\Illuminate\Routing\Pipeline.php(53): Illuminate\Pipeline\Pipeline->Illuminate\Pipeline\{closure}(Object(Illuminate\Http\Request))
#57 C:\xampp7\htdocs\igniter\vendor\laravel\framework\src\Illuminate\Foundation\Http\Middleware\TransformsRequest.php(30): Illuminate\Routing\Pipeline->Illuminate\Routing\{closure}(Object(Illuminate\Http\Request))
#58 C:\xampp7\htdocs\igniter\vendor\laravel\framework\src\Illuminate\Pipeline\Pipeline.php(149): Illuminate\Foundation\Http\Middleware\TransformsRequest->handle(Object(Illuminate\Http\Request), Object(Closure))
#59 C:\xampp7\htdocs\igniter\vendor\laravel\framework\src\Illuminate\Routing\Pipeline.php(53): Illuminate\Pipeline\Pipeline->Illuminate\Pipeline\{closure}(Object(Illuminate\Http\Request))
#60 C:\xampp7\htdocs\igniter\vendor\laravel\framework\src\Illuminate\Foundation\Http\Middleware\ValidatePostSize.php(27): Illuminate\Routing\Pipeline->Illuminate\Routing\{closure}(Object(Illuminate\Http\Request))
#61 C:\xampp7\htdocs\igniter\vendor\laravel\framework\src\Illuminate\Pipeline\Pipeline.php(149): Illuminate\Foundation\Http\Middleware\ValidatePostSize->handle(Object(Illuminate\Http\Request), Object(Closure))
#62 C:\xampp7\htdocs\igniter\vendor\laravel\framework\src\Illuminate\Routing\Pipeline.php(53): Illuminate\Pipeline\Pipeline->Illuminate\Pipeline\{closure}(Object(Illuminate\Http\Request))
#63 C:\xampp7\htdocs\igniter\vendor\laravel\framework\src\Illuminate\Foundation\Http\Middleware\CheckForMaintenanceMode.php(46): Illuminate\Routing\Pipeline->Illuminate\Routing\{closure}(Object(Illuminate\Http\Request))
#64 C:\xampp7\htdocs\igniter\vendor\laravel\framework\src\Illuminate\Pipeline\Pipeline.php(149): Illuminate\Foundation\Http\Middleware\CheckForMaintenanceMode->handle(Object(Illuminate\Http\Request), Object(Closure))
#65 C:\xampp7\htdocs\igniter\vendor\laravel\framework\src\Illuminate\Routing\Pipeline.php(53): Illuminate\Pipeline\Pipeline->Illuminate\Pipeline\{closure}(Object(Illuminate\Http\Request))
#66 C:\xampp7\htdocs\igniter\vendor\laravel\framework\src\Illuminate\Pipeline\Pipeline.php(102): Illuminate\Routing\Pipeline->Illuminate\Routing\{closure}(Object(Illuminate\Http\Request))
#67 C:\xampp7\htdocs\igniter\vendor\laravel\framework\src\Illuminate\Foundation\Http\Kernel.php(151): Illuminate\Pipeline\Pipeline->then(Object(Closure))
#68 C:\xampp7\htdocs\igniter\vendor\laravel\framework\src\Illuminate\Foundation\Http\Kernel.php(116): Illuminate\Foundation\Http\Kernel->sendRequestThroughRouter(Object(Illuminate\Http\Request))
#69 C:\xampp7\htdocs\igniter\index.php(53): Illuminate\Foundation\Http\Kernel->handle(Object(Illuminate\Http\Request))
#70 {main}

Next Illuminate\Database\QueryException: SQLSTATE[42S22]: Column not found: 1054 Unknown column 'user_type' in 'where clause' (SQL: select count(*) as aggregate from `ti_activities` where `user_id` = 1 and `user_type` = users and `subject_id` is not null) in C:\xampp7\htdocs\igniter\vendor\laravel\framework\src\Illuminate\Database\Connection.php:664
Stack trace:
#0 C:\xampp7\htdocs\igniter\vendor\laravel\framework\src\Illuminate\Database\Connection.php(624): Illuminate\Database\Connection->runQueryCallback('select count(*)...', Array, Object(Closure))
#1 C:\xampp7\htdocs\igniter\vendor\laravel\framework\src\Illuminate\Database\Connection.php(333): Illuminate\Database\Connection->run('select count(*)...', Array, Object(Closure))
#2 C:\xampp7\htdocs\igniter\vendor\laravel\framework\src\Illuminate\Database\Query\Builder.php(1719): Illuminate\Database\Connection->select('select count(*)...', Array, true)
#3 C:\xampp7\htdocs\igniter\vendor\laravel\framework\src\Illuminate\Database\Query\Builder.php(1704): Illuminate\Database\Query\Builder->runSelect()
#4 C:\xampp7\htdocs\igniter\vendor\laravel\framework\src\Illuminate\Database\Query\Builder.php(1804): Illuminate\Database\Query\Builder->get()
#5 C:\xampp7\htdocs\igniter\vendor\laravel\framework\src\Illuminate\Database\Query\Builder.php(1777): Illuminate\Database\Query\Builder->runPaginationCountQuery(Array)
#6 C:\xampp7\htdocs\igniter\app\system\models\Activities_model.php(19): Illuminate\Database\Query\Builder->getCountForPagination()
#7 [internal function]: System\Models\Activities_model::listMenuActivities(Object(Admin\Widgets\Menu), Object(Admin\Classes\MenuItem), Object(Admin\Models\Users_model))
#8 C:\xampp7\htdocs\igniter\app\admin\widgets\Menu.php(237): call_user_func(Array, Object(Admin\Widgets\Menu), Object(Admin\Classes\MenuItem), Object(Admin\Models\Users_model))
#9 C:\xampp7\htdocs\igniter\app\admin\widgets\Menu.php(143): Admin\Widgets\Menu->getOptionsFromModel(Object(Admin\Classes\MenuItem), Array)
#10 C:\xampp7\htdocs\igniter\app\admin\classes\MenuItem.php(118): Admin\Widgets\Menu->Admin\Widgets\{closure}()
#11 C:\xampp7\htdocs\igniter\app\admin\widgets\Menu.php(205): Admin\Classes\MenuItem->options()
#12 [internal function]: Admin\Widgets\Menu->onGetDropdownOptions('edit', 'general')
#13 C:\xampp7\htdocs\igniter\app\admin\classes\AdminController.php(296): call_user_func_array(Array, Array)
#14 C:\xampp7\htdocs\igniter\app\admin\classes\AdminController.php(189): Admin\Classes\AdminController->runHandler('mainmenu::onGet...', Array)
#15 C:\xampp7\htdocs\igniter\app\admin\classes\AdminController.php(149): Admin\Classes\AdminController->processHandlers()
#16 C:\xampp7\htdocs\igniter\app\system\classes\Controller.php(104): Admin\Classes\AdminController->remap('edit', Array)
#17 [internal function]: System\Classes\Controller->runAdmin('settings/edit/g...')
#18 C:\xampp7\htdocs\igniter\vendor\laravel\framework\src\Illuminate\Routing\Controller.php(54): call_user_func_array(Array, Array)
#19 C:\xampp7\htdocs\igniter\vendor\laravel\framework\src\Illuminate\Routing\ControllerDispatcher.php(45): Illuminate\Routing\Controller->callAction('runAdmin', Array)
#20 C:\xampp7\htdocs\igniter\vendor\laravel\framework\src\Illuminate\Routing\Route.php(212): Illuminate\Routing\ControllerDispatcher->dispatch(Object(Illuminate\Routing\Route), Object(System\Classes\Controller), 'runAdmin')
#21 C:\xampp7\htdocs\igniter\vendor\laravel\framework\src\Illuminate\Routing\Route.php(169): Illuminate\Routing\Route->runController()
#22 C:\xampp7\htdocs\igniter\vendor\laravel\framework\src\Illuminate\Routing\Router.php(658): Illuminate\Routing\Route->run()
#23 C:\xampp7\htdocs\igniter\vendor\laravel\framework\src\Illuminate\Routing\Pipeline.php(30): Illuminate\Routing\Router->Illuminate\Routing\{closure}(Object(Illuminate\Http\Request))
#24 C:\xampp7\htdocs\igniter\vendor\tastyigniter\flame\src\Translation\Middleware\Localization.php(23): Illuminate\Routing\Pipeline->Illuminate\Routing\{closure}(Object(Illuminate\Http\Request))
#25 C:\xampp7\htdocs\igniter\vendor\laravel\framework\src\Illuminate\Pipeline\Pipeline.php(149): Igniter\Flame\Translation\Middleware\Localization->handle(Object(Illuminate\Http\Request), Object(Closure))
#26 C:\xampp7\htdocs\igniter\vendor\laravel\framework\src\Illuminate\Routing\Pipeline.php(53): Illuminate\Pipeline\Pipeline->Illuminate\Pipeline\{closure}(Object(Illuminate\Http\Request))
#27 C:\xampp7\htdocs\igniter\vendor\laravel\framework\src\Illuminate\Routing\Middleware\SubstituteBindings.php(41): Illuminate\Routing\Pipeline->Illuminate\Routing\{closure}(Object(Illuminate\Http\Request))
#28 C:\xampp7\htdocs\igniter\vendor\laravel\framework\src\Illuminate\Pipeline\Pipeline.php(149): Illuminate\Routing\Middleware\SubstituteBindings->handle(Object(Illuminate\Http\Request), Object(Closure))
#29 C:\xampp7\htdocs\igniter\vendor\laravel\framework\src\Illuminate\Routing\Pipeline.php(53): Illuminate\Pipeline\Pipeline->Illuminate\Pipeline\{closure}(Object(Illuminate\Http\Request))
#30 C:\xampp7\htdocs\igniter\vendor\laravel\framework\src\Illuminate\View\Middleware\ShareErrorsFromSession.php(49): Illuminate\Routing\Pipeline->Illuminate\Routing\{closure}(Object(Illuminate\Http\Request))
#31 C:\xampp7\htdocs\igniter\vendor\laravel\framework\src\Illuminate\Pipeline\Pipeline.php(149): Illuminate\View\Middleware\ShareErrorsFromSession->handle(Object(Illuminate\Http\Request), Object(Closure))
#32 C:\xampp7\htdocs\igniter\vendor\laravel\framework\src\Illuminate\Routing\Pipeline.php(53): Illuminate\Pipeline\Pipeline->Illuminate\Pipeline\{closure}(Object(Illuminate\Http\Request))
#33 C:\xampp7\htdocs\igniter\vendor\laravel\framework\src\Illuminate\Session\Middleware\StartSession.php(63): Illuminate\Routing\Pipeline->Illuminate\Routing\{closure}(Object(Illuminate\Http\Request))
#34 C:\xampp7\htdocs\igniter\vendor\laravel\framework\src\Illuminate\Pipeline\Pipeline.php(149): Illuminate\Session\Middleware\StartSession->handle(Object(Illuminate\Http\Request), Object(Closure))
#35 C:\xampp7\htdocs\igniter\vendor\laravel\framework\src\Illuminate\Routing\Pipeline.php(53): Illuminate\Pipeline\Pipeline->Illuminate\Pipeline\{closure}(Object(Illuminate\Http\Request))
#36 C:\xampp7\htdocs\igniter\vendor\laravel\framework\src\Illuminate\Cookie\Middleware\AddQueuedCookiesToResponse.php(37): Illuminate\Routing\Pipeline->Illuminate\Routing\{closure}(Object(Illuminate\Http\Request))
#37 C:\xampp7\htdocs\igniter\vendor\laravel\framework\src\Illuminate\Pipeline\Pipeline.php(149): Illuminate\Cookie\Middleware\AddQueuedCookiesToResponse->handle(Object(Illuminate\Http\Request), Object(Closure))
#38 C:\xampp7\htdocs\igniter\vendor\laravel\framework\src\Illuminate\Routing\Pipeline.php(53): Illuminate\Pipeline\Pipeline->Illuminate\Pipeline\{closure}(Object(Illuminate\Http\Request))
#39 C:\xampp7\htdocs\igniter\vendor\laravel\framework\src\Illuminate\Cookie\Middleware\EncryptCookies.php(66): Illuminate\Routing\Pipeline->Illuminate\Routing\{closure}(Object(Illuminate\Http\Request))
#40 C:\xampp7\htdocs\igniter\vendor\laravel\framework\src\Illuminate\Pipeline\Pipeline.php(149): Illuminate\Cookie\Middleware\EncryptCookies->handle(Object(Illuminate\Http\Request), Object(Closure))
#41 C:\xampp7\htdocs\igniter\vendor\laravel\framework\src\Illuminate\Routing\Pipeline.php(53): Illuminate\Pipeline\Pipeline->Illuminate\Pipeline\{closure}(Object(Illuminate\Http\Request))
#42 C:\xampp7\htdocs\igniter\vendor\laravel\framework\src\Illuminate\Pipeline\Pipeline.php(102): Illuminate\Routing\Pipeline->Illuminate\Routing\{closure}(Object(Illuminate\Http\Request))
#43 C:\xampp7\htdocs\igniter\vendor\laravel\framework\src\Illuminate\Routing\Router.php(660): Illuminate\Pipeline\Pipeline->then(Object(Closure))
#44 C:\xampp7\htdocs\igniter\vendor\laravel\framework\src\Illuminate\Routing\Router.php(635): Illuminate\Routing\Router->runRouteWithinStack(Object(Illuminate\Routing\Route), Object(Illuminate\Http\Request))
#45 C:\xampp7\htdocs\igniter\vendor\laravel\framework\src\Illuminate\Routing\Router.php(601): Illuminate\Routing\Router->runRoute(Object(Illuminate\Http\Request), Object(Illuminate\Routing\Route))
#46 C:\xampp7\htdocs\igniter\vendor\october\rain\src\Router\CoreRouter.php(20): Illuminate\Routing\Router->dispatchToRoute(Object(Illuminate\Http\Request))
#47 C:\xampp7\htdocs\igniter\vendor\laravel\framework\src\Illuminate\Foundation\Http\Kernel.php(176): October\Rain\Router\CoreRouter->dispatch(Object(Illuminate\Http\Request))
#48 C:\xampp7\htdocs\igniter\vendor\laravel\framework\src\Illuminate\Routing\Pipeline.php(30): Illuminate\Foundation\Http\Kernel->Illuminate\Foundation\Http\{closure}(Object(Illuminate\Http\Request))
#49 C:\xampp7\htdocs\igniter\vendor\tastyigniter\flame\src\Setting\Middleware\SaveSetting.php(25): Illuminate\Routing\Pipeline->Illuminate\Routing\{closure}(Object(Illuminate\Http\Request))
#50 C:\xampp7\htdocs\igniter\vendor\laravel\framework\src\Illuminate\Pipeline\Pipeline.php(149): Igniter\Flame\Setting\Middleware\SaveSetting->handle(Object(Illuminate\Http\Request), Object(Closure))
#51 C:\xampp7\htdocs\igniter\vendor\laravel\framework\src\Illuminate\Routing\Pipeline.php(53): Illuminate\Pipeline\Pipeline->Illuminate\Pipeline\{closure}(Object(Illuminate\Http\Request))
#52 C:\xampp7\htdocs\igniter\vendor\fideloper\proxy\src\TrustProxies.php(56): Illuminate\Routing\Pipeline->Illuminate\Routing\{closure}(Object(Illuminate\Http\Request))
#53 C:\xampp7\htdocs\igniter\vendor\laravel\framework\src\Illuminate\Pipeline\Pipeline.php(149): Fideloper\Proxy\TrustProxies->handle(Object(Illuminate\Http\Request), Object(Closure))
#54 C:\xampp7\htdocs\igniter\vendor\laravel\framework\src\Illuminate\Routing\Pipeline.php(53): Illuminate\Pipeline\Pipeline->Illuminate\Pipeline\{closure}(Object(Illuminate\Http\Request))
#55 C:\xampp7\htdocs\igniter\vendor\laravel\framework\src\Illuminate\Foundation\Http\Middleware\TransformsRequest.php(30): Illuminate\Routing\Pipeline->Illuminate\Routing\{closure}(Object(Illuminate\Http\Request))
#56 C:\xampp7\htdocs\igniter\vendor\laravel\framework\src\Illuminate\Pipeline\Pipeline.php(149): Illuminate\Foundation\Http\Middleware\TransformsRequest->handle(Object(Illuminate\Http\Request), Object(Closure))
#57 C:\xampp7\htdocs\igniter\vendor\laravel\framework\src\Illuminate\Routing\Pipeline.php(53): Illuminate\Pipeline\Pipeline->Illuminate\Pipeline\{closure}(Object(Illuminate\Http\Request))
#58 C:\xampp7\htdocs\igniter\vendor\laravel\framework\src\Illuminate\Foundation\Http\Middleware\ValidatePostSize.php(27): Illuminate\Routing\Pipeline->Illuminate\Routing\{closure}(Object(Illuminate\Http\Request))
#59 C:\xampp7\htdocs\igniter\vendor\laravel\framework\src\Illuminate\Pipeline\Pipeline.php(149): Illuminate\Foundation\Http\Middleware\ValidatePostSize->handle(Object(Illuminate\Http\Request), Object(Closure))
#60 C:\xampp7\htdocs\igniter\vendor\laravel\framework\src\Illuminate\Routing\Pipeline.php(53): Illuminate\Pipeline\Pipeline->Illuminate\Pipeline\{closure}(Object(Illuminate\Http\Request))
#61 C:\xampp7\htdocs\igniter\vendor\laravel\framework\src\Illuminate\Foundation\Http\Middleware\CheckForMaintenanceMode.php(46): Illuminate\Routing\Pipeline->Illuminate\Routing\{closure}(Object(Illuminate\Http\Request))
#62 C:\xampp7\htdocs\igniter\vendor\laravel\framework\src\Illuminate\Pipeline\Pipeline.php(149): Illuminate\Foundation\Http\Middleware\CheckForMaintenanceMode->handle(Object(Illuminate\Http\Request), Object(Closure))
#63 C:\xampp7\htdocs\igniter\vendor\laravel\framework\src\Illuminate\Routing\Pipeline.php(53): Illuminate\Pipeline\Pipeline->Illuminate\Pipeline\{closure}(Object(Illuminate\Http\Request))
#64 C:\xampp7\htdocs\igniter\vendor\laravel\framework\src\Illuminate\Pipeline\Pipeline.php(102): Illuminate\Routing\Pipeline->Illuminate\Routing\{closure}(Object(Illuminate\Http\Request))
#65 C:\xampp7\htdocs\igniter\vendor\laravel\framework\src\Illuminate\Foundation\Http\Kernel.php(151): Illuminate\Pipeline\Pipeline->then(Object(Closure))
#66 C:\xampp7\htdocs\igniter\vendor\laravel\framework\src\Illuminate\Foundation\Http\Kernel.php(116): Illuminate\Foundation\Http\Kernel->sendRequestThroughRouter(Object(Illuminate\Http\Request))
#67 C:\xampp7\htdocs\igniter\index.php(53): Illuminate\Foundation\Http\Kernel->handle(Object(Illuminate\Http\Request))
#68 {main}  
