.++++++++++++++++++++++++++++++++++++++++++++++++++++++++++++++.
.------------------- TASTYIGNITER SETUP LOG ------------------.
.++++++++++++++++++++++++++++++++++++++++++++++++++++++++++++++.
[2019/08/13 07:36:00] => Host: Windows NT VISHAL 6.3 build 9600 (Windows 8.1 Home Premium Edition) AMD64
[2019/08/13 07:36:00] => PHP version: 7.3.4
[2019/08/13 07:36:00] => Server software: Apache/2.4.39 (Win64) OpenSSL/1.1.1b PHP/7.3.4
[2019/08/13 07:36:00] => Operating system: WINNT
[2019/08/13 07:36:00] => Memory limit: 512M
[2019/08/13 07:36:00] => Max execution time: 300
[2019/08/13 07:36:00] => .============================ POST REQUEST ==========================.
[2019/08/13 07:36:00] => Postback payload: Array
(
    [code] => php
    [handler] => onCheckRequirement
)

[2019/08/13 07:36:00] => System check: php
[2019/08/13 07:36:00] => Requirement php +OK
[2019/08/13 07:36:00] => Execute handler (onCheckRequirement): Array
(
    [result] => 1
)

[2019/08/13 07:36:02] => .============================ POST REQUEST ==========================.
[2019/08/13 07:36:02] => Postback payload: Array
(
    [code] => mysqli
    [handler] => onCheckRequirement
)

[2019/08/13 07:36:02] => System check: mysqli
[2019/08/13 07:36:02] => Requirement mysqli +OK
[2019/08/13 07:36:02] => Execute handler (onCheckRequirement): Array
(
    [result] => 1
)

[2019/08/13 07:36:03] => .============================ POST REQUEST ==========================.
[2019/08/13 07:36:03] => Postback payload: Array
(
    [code] => pdo
    [handler] => onCheckRequirement
)

[2019/08/13 07:36:03] => System check: pdo
[2019/08/13 07:36:03] => Requirement pdo +OK
[2019/08/13 07:36:03] => Execute handler (onCheckRequirement): Array
(
    [result] => 1
)

[2019/08/13 07:36:05] => .============================ POST REQUEST ==========================.
[2019/08/13 07:36:05] => Postback payload: Array
(
    [code] => curl
    [handler] => onCheckRequirement
)

[2019/08/13 07:36:05] => System check: curl
[2019/08/13 07:36:05] => Requirement curl +OK
[2019/08/13 07:36:05] => Execute handler (onCheckRequirement): Array
(
    [result] => 1
)

[2019/08/13 07:36:06] => .============================ POST REQUEST ==========================.
[2019/08/13 07:36:06] => Postback payload: Array
(
    [code] => connection
    [handler] => onCheckRequirement
)

[2019/08/13 07:36:06] => System check: connection
[2019/08/13 07:36:06] => Server request: ping
[2019/08/13 07:36:07] => Request information: Array
(
    [url] => https://api.tastyigniter.com/v2/ping
    [content_type] => application/json
    [http_code] => 200
    [header_size] => 714
    [request_size] => 134
    [filetime] => -1
    [ssl_verify_result] => 0
    [redirect_count] => 0
    [total_time] => 1.061698
    [namelookup_time] => 0.267957
    [connect_time] => 0.447973
    [pretransfer_time] => 0.756091
    [size_upload] => 44
    [size_download] => 25
    [speed_download] => 23
    [speed_upload] => 41
    [download_content_length] => -1
    [upload_content_length] => 44
    [starttransfer_time] => 0.756101
    [redirect_time] => 0
    [redirect_url] => 
    [primary_ip] => 104.24.114.215
    [certinfo] => Array
        (
        )

    [primary_port] => 443
    [local_ip] => 192.168.1.9
    [local_port] => 49442
    [http_version] => 3
    [protocol] => 2
    [ssl_verifyresult] => 0
    [scheme] => HTTPS
    [appconnect_time_us] => 755893
    [connect_time_us] => 447973
    [namelookup_time_us] => 267957
    [pretransfer_time_us] => 756091
    [redirect_time_us] => 0
    [starttransfer_time_us] => 756101
    [total_time_us] => 1061698
)

[2019/08/13 07:36:07] => Requirement connection +OK
[2019/08/13 07:36:07] => Execute handler (onCheckRequirement): Array
(
    [result] => 1
)

[2019/08/13 07:36:09] => .============================ POST REQUEST ==========================.
[2019/08/13 07:36:09] => Postback payload: Array
(
    [code] => mbstring
    [handler] => onCheckRequirement
)

[2019/08/13 07:36:09] => System check: mbstring
[2019/08/13 07:36:09] => Requirement mbstring +OK
[2019/08/13 07:36:09] => Execute handler (onCheckRequirement): Array
(
    [result] => 1
)

[2019/08/13 07:36:10] => .============================ POST REQUEST ==========================.
[2019/08/13 07:36:10] => Postback payload: Array
(
    [code] => ssl
    [handler] => onCheckRequirement
)

[2019/08/13 07:36:10] => System check: ssl
[2019/08/13 07:36:10] => Requirement ssl +OK
[2019/08/13 07:36:10] => Execute handler (onCheckRequirement): Array
(
    [result] => 1
)

[2019/08/13 07:36:12] => .============================ POST REQUEST ==========================.
[2019/08/13 07:36:12] => Postback payload: Array
(
    [code] => gd
    [handler] => onCheckRequirement
)

[2019/08/13 07:36:12] => System check: gd
[2019/08/13 07:36:12] => Requirement gd +OK
[2019/08/13 07:36:12] => Execute handler (onCheckRequirement): Array
(
    [result] => 1
)

[2019/08/13 07:36:14] => .============================ POST REQUEST ==========================.
[2019/08/13 07:36:14] => Postback payload: Array
(
    [code] => zip
    [handler] => onCheckRequirement
)

[2019/08/13 07:36:14] => System check: zip
[2019/08/13 07:36:14] => Requirement zip +OK
[2019/08/13 07:36:14] => Execute handler (onCheckRequirement): Array
(
    [result] => 1
)

[2019/08/13 07:36:15] => .============================ POST REQUEST ==========================.
[2019/08/13 07:36:15] => Postback payload: Array
(
    [code] => writable
    [handler] => onCheckRequirement
)

[2019/08/13 07:36:15] => System check: writable
[2019/08/13 07:36:15] => Requirement writable +OK
[2019/08/13 07:36:15] => Execute handler (onCheckRequirement): Array
(
    [result] => 1
)

[2019/08/13 07:36:25] => .============================ POST REQUEST ==========================.
[2019/08/13 07:36:25] => Postback payload: Array
(
    [license_agreed] => 1
    [requirement] => complete
    [handler] => onCheckLicense
)

[2019/08/13 07:36:25] => License & requirement check: complete
[2019/08/13 07:36:25] => Execute handler (onCheckLicense): Array
(
    [step] => database
)

[2019/08/13 07:36:52] => .============================ POST REQUEST ==========================.
[2019/08/13 07:36:52] => Postback payload: Array
(
    [disableLog] => 1
)

[2019/08/13 07:36:52] => Database check: igniter
[2019/08/13 07:36:52] => Database igniter +OK
[2019/08/13 07:36:52] => Execute handler (onCheckDatabase): Array
(
    [step] => settings
)

[2019/08/13 07:37:32] => .============================ POST REQUEST ==========================.
[2019/08/13 07:37:32] => Postback payload: Array
(
    [disableLog] => 1
)

[2019/08/13 07:37:32] => Settings check: Tasty Restro
[2019/08/13 07:37:32] => Settings +OK
[2019/08/13 07:37:32] => Execute handler (onValidateSettings): Array
(
    [step] => install
)

[2019/08/13 07:37:35] => .============================ POST REQUEST ==========================.
[2019/08/13 07:37:35] => Postback payload: Array
(
    [site_key] => 
    [requirement] => complete
    [handler] => onFetchItems
)

[2019/08/13 07:37:35] => Server request: items
[2019/08/13 07:37:39] => Request information: Array
(
    [url] => https://api.tastyigniter.com/v2/items
    [content_type] => application/json
    [http_code] => 200
    [header_size] => 714
    [request_size] => 135
    [filetime] => -1
    [ssl_verify_result] => 0
    [redirect_count] => 0
    [total_time] => 3.34475
    [namelookup_time] => 0.000919
    [connect_time] => 0.382725
    [pretransfer_time] => 0.576663
    [size_upload] => 86
    [size_download] => 3278
    [speed_download] => 980
    [speed_upload] => 25
    [download_content_length] => -1
    [upload_content_length] => 86
    [starttransfer_time] => 0.576674
    [redirect_time] => 0
    [redirect_url] => 
    [primary_ip] => 104.24.114.215
    [certinfo] => Array
        (
        )

    [primary_port] => 443
    [local_ip] => 192.168.1.9
    [local_port] => 49467
    [http_version] => 3
    [protocol] => 2
    [ssl_verifyresult] => 0
    [scheme] => HTTPS
    [appconnect_time_us] => 576501
    [connect_time_us] => 382725
    [namelookup_time_us] => 919
    [pretransfer_time_us] => 576663
    [redirect_time_us] => 0
    [starttransfer_time_us] => 576674
    [total_time_us] => 3344750
)

[2019/08/13 07:37:39] => Execute handler (onFetchItems): Array
(
    [data] => Array
        (
            [0] => Array
                (
                    [id] => 8
                    [name] => TastyIgniter Orange
                    [code] => tastyigniter-orange
                    [author] => TastyIgniter Dev Team
                    [icon] => https://raw.githubusercontent.com/tastyigniter/ti-theme-orange/master/screenshot.png
                    [type] => theme
                    [version] => v2.1.0-beta.8
                    [description] => Free Modern, Responsive and Clean TastyIgniter Theme based on Bootstrap 4.
                    [homepage] => https://tastyigniter.com/marketplace/themes/tastyigniter-orange
                    [created_at] => 2018-04-27 23:47:40
                    [updated_at] => 2018-04-29 15:29:17
                    [require] => Array
                        (
                            [data] => Array
                                (
                                    [0] => Array
                                        (
                                            [id] => 1
                                            [name] => FrontEnd
                                            [code] => igniter.frontend
                                            [author] => SamPoyigi
                                            [icon] => fa-store
                                            [type] => extension
                                            [version] => v1.2.0
                                            [description] => Manage basic components like Slider, Featured Menu Items, Banners and Newsletter
                                            [homepage] => https://tastyigniter.com/marketplace/extensions/igniter-frontend
                                            [created_at] => 2018-04-27 23:47:39
                                            [updated_at] => 2018-04-29 15:29:16
                                        )

                                    [1] => Array
                                        (
                                            [id] => 2
                                            [name] => Pay Register
                                            [code] => igniter.payregister
                                            [author] => SamPoyigi
                                            [icon] => fa-money
                                            [type] => extension
                                            [version] => v1.2.0
                                            [description] => Allows you to accept credit card payments using PayPal, Stripe, Authorize.Net and/or Mollie.
                                            [homepage] => https://tastyigniter.com/marketplace/extensions/igniter-payregister
                                            [created_at] => 2018-04-27 23:47:39
                                            [updated_at] => 2018-04-29 15:29:16
                                        )

                                    [2] => Array
                                        (
                                            [id] => 3
                                            [name] => Reservations
                                            [code] => igniter.reservation
                                            [author] => SamPoyigi
                                            [icon] => fa-calendar
                                            [type] => extension
                                            [version] => v1.1.0-beta.7
                                            [description] => Provides a simple booking form to accept table reservations.
                                            [homepage] => https://tastyigniter.com/marketplace/extensions/igniter-reservation
                                            [created_at] => 2018-04-27 23:47:39
                                            [updated_at] => 2018-04-29 15:29:16
                                        )

                                    [3] => Array
                                        (
                                            [id] => 4
                                            [name] => Cart
                                            [code] => igniter.cart
                                            [author] => SamPoyigi
                                            [icon] => fa-shopping-cart
                                            [type] => extension
                                            [version] => v2.0.0-beta.9
                                            [description] => Easily add a shopping cart to your site. The most powerful way to sell your menu items.
                                            [homepage] => https://tastyigniter.com/marketplace/extensions/igniter-cart
                                            [created_at] => 2018-04-27 23:47:39
                                            [updated_at] => 2018-04-29 15:29:16
                                        )

                                    [4] => Array
                                        (
                                            [id] => 5
                                            [name] => Pages Links
                                            [code] => igniter.pages
                                            [author] => SamPoyigi
                                            [icon] => fa-files-o
                                            [type] => extension
                                            [version] => v1.2.0
                                            [description] => Allows end users to create and edit dynamic pages with a simple WYSIWYG user interface.
                                            [homepage] => https://tastyigniter.com/marketplace/extensions/igniter-pages
                                            [created_at] => 2018-04-27 23:47:39
                                            [updated_at] => 2018-04-29 15:29:16
                                        )

                                    [5] => Array
                                        (
                                            [id] => 6
                                            [name] => User
                                            [code] => igniter.user
                                            [author] => SamPoyigi
                                            [icon] => fa-user
                                            [type] => extension
                                            [version] => v1.1.0-beta.7
                                            [description] => Management of front-end users (customers) on TastyIgniter.
                                            [homepage] => https://tastyigniter.com/marketplace/extensions/igniter-user
                                            [created_at] => 2018-04-27 23:47:40
                                            [updated_at] => 2018-04-29 15:29:17
                                        )

                                    [6] => Array
                                        (
                                            [id] => 7
                                            [name] => Local
                                            [code] => igniter.local
                                            [author] => SamPoyigi
                                            [icon] => fa-map-marker
                                            [type] => extension
                                            [version] => v1.2.0-beta.10
                                            [description] => This extension allows your customers to find the nearest location.
                                            [homepage] => https://tastyigniter.com/marketplace/extensions/igniter-local
                                            [created_at] => 2018-04-27 23:47:40
                                            [updated_at] => 2018-04-29 15:29:17
                                        )

                                )

                        )

                )

        )

    [meta] => Array
        (
            [pagination] => Array
                (
                    [total] => 1
                    [count] => 1
                    [per_page] => 30
                    [current_page] => 1
                    [total_pages] => 1
                    [links] => Array
                        (
                        )

                )

        )

)

[2019/08/13 07:37:47] => .============================ POST REQUEST ==========================.
[2019/08/13 07:37:47] => Postback payload: Array
(
    [disableLog] => 1
)

[2019/08/13 07:37:47] => Foundation setup: apply
[2019/08/13 07:37:47] => Server request: core/install
[2019/08/13 07:37:48] => Request information: Array
(
    [url] => https://api.tastyigniter.com/v2/core/install
    [content_type] => application/json
    [http_code] => 200
    [header_size] => 714
    [request_size] => 142
    [filetime] => -1
    [ssl_verify_result] => 0
    [redirect_count] => 0
    [total_time] => 0.880362
    [namelookup_time] => 0.000814
    [connect_time] => 0.293054
    [pretransfer_time] => 0.590944
    [size_upload] => 44
    [size_download] => 946
    [speed_download] => 1075
    [speed_upload] => 50
    [download_content_length] => -1
    [upload_content_length] => 44
    [starttransfer_time] => 0.590956
    [redirect_time] => 0
    [redirect_url] => 
    [primary_ip] => 104.24.114.215
    [certinfo] => Array
        (
        )

    [primary_port] => 443
    [local_ip] => 192.168.1.9
    [local_port] => 49471
    [http_version] => 3
    [protocol] => 2
    [ssl_verifyresult] => 0
    [scheme] => HTTPS
    [appconnect_time_us] => 590580
    [connect_time_us] => 293054
    [namelookup_time_us] => 814
    [pretransfer_time_us] => 590944
    [redirect_time_us] => 0
    [starttransfer_time_us] => 590956
    [total_time_us] => 880362
)

[2019/08/13 07:37:48] => Foundation setup: apply +OK
[2019/08/13 07:37:48] => Execute handler (onInstall): Array
(
    [result] => Array
        (
            [download] => Array
                (
                    [0] => Array
                        (
                            [action] => install
                            [process] => downloadCore
                            [code] => tastyigniter
                            [name] => TastyIgniter
                            [icon] => 
                            [type] => core
                            [hash] => 513a95ea5cd363688f177dc1149eab33bf97b617
                            [version] => v3.0.4-beta.10
                            [description] => ### Added
- Ability to reserve multiple tables (a24518b)
- Ability to add recurring menu special and set a special price as a percentage of the menu price or a fixed amount (5a0dd2d & 296a20e)
- Global Events: admin.order.assigned and admin.reservation.assigned

### Changed
- Update minimum PHP version (49e56ee)
- Functionality & UI improvements
- Disable automatic strict location functionality in admin (613272a)
- Restructure Laravel mix files (d07e564)
- Compile assets bundle using `igniter:util compile scss` instead of NPM (98b33ce)
- Only the super and permitted admin can delete other admin users (0217721)

### Fixed
- Major known bugs

### Removed
- Model activity logging functionality (e1554fe & d115ecb)
                        )

                )

            [extract] => Array
                (
                    [0] => Array
                        (
                            [action] => install
                            [process] => extractCore
                            [code] => tastyigniter
                            [name] => TastyIgniter
                            [icon] => 
                            [type] => core
                            [hash] => 513a95ea5cd363688f177dc1149eab33bf97b617
                            [version] => v3.0.4-beta.10
                            [description] => ### Added
- Ability to reserve multiple tables (a24518b)
- Ability to add recurring menu special and set a special price as a percentage of the menu price or a fixed amount (5a0dd2d & 296a20e)
- Global Events: admin.order.assigned and admin.reservation.assigned

### Changed
- Update minimum PHP version (49e56ee)
- Functionality & UI improvements
- Disable automatic strict location functionality in admin (613272a)
- Restructure Laravel mix files (d07e564)
- Compile assets bundle using `igniter:util compile scss` instead of NPM (98b33ce)
- Only the super and permitted admin can delete other admin users (0217721)

### Fixed
- Major known bugs

### Removed
- Model activity logging functionality (e1554fe & d115ecb)
                        )

                )

            [config] => Array
                (
                    [0] => Array
                        (
                            [items] => Array
                                (
                                    [0] => Array
                                        (
                                            [code] => tastyigniter
                                            [name] => TastyIgniter
                                            [icon] => 
                                            [type] => core
                                            [hash] => 513a95ea5cd363688f177dc1149eab33bf97b617
                                            [version] => v3.0.4-beta.10
                                            [description] => ### Added
- Ability to reserve multiple tables (a24518b)
- Ability to add recurring menu special and set a special price as a percentage of the menu price or a fixed amount (5a0dd2d & 296a20e)
- Global Events: admin.order.assigned and admin.reservation.assigned

### Changed
- Update minimum PHP version (49e56ee)
- Functionality & UI improvements
- Disable automatic strict location functionality in admin (613272a)
- Restructure Laravel mix files (d07e564)
- Compile assets bundle using `igniter:util compile scss` instead of NPM (98b33ce)
- Only the super and permitted admin can delete other admin users (0217721)

### Fixed
- Major known bugs

### Removed
- Model activity logging functionality (e1554fe & d115ecb)
                                        )

                                )

                            [process] => writeConfig
                        )

                )

            [install] => Array
                (
                    [0] => Array
                        (
                            [items] => Array
                                (
                                    [0] => Array
                                        (
                                            [code] => tastyigniter
                                            [name] => TastyIgniter
                                            [icon] => 
                                            [type] => core
                                            [hash] => 513a95ea5cd363688f177dc1149eab33bf97b617
                                            [version] => v3.0.4-beta.10
                                            [description] => ### Added
- Ability to reserve multiple tables (a24518b)
- Ability to add recurring menu special and set a special price as a percentage of the menu price or a fixed amount (5a0dd2d & 296a20e)
- Global Events: admin.order.assigned and admin.reservation.assigned

### Changed
- Update minimum PHP version (49e56ee)
- Functionality & UI improvements
- Disable automatic strict location functionality in admin (613272a)
- Restructure Laravel mix files (d07e564)
- Compile assets bundle using `igniter:util compile scss` instead of NPM (98b33ce)
- Only the super and permitted admin can delete other admin users (0217721)

### Fixed
- Major known bugs

### Removed
- Model activity logging functionality (e1554fe & d115ecb)
                                        )

                                )

                            [process] => finishInstall
                        )

                )

        )

)

[2019/08/13 07:37:48] => .============================ POST REQUEST ==========================.
[2019/08/13 07:37:48] => Postback payload: Array
(
    [disableLog] => 1
)

[2019/08/13 07:37:48] => Foundation setup: downloadCore
[2019/08/13 07:38:11] => Downloaded file (tastyigniter) to C:\xampp7\htdocs\igniter\setup/temp/ef0eaeec4a461084eb2522e05b439f26.zip
[2019/08/13 07:38:11] => Foundation setup: downloadCore +OK
[2019/08/13 07:38:11] => Execute handler (onInstall): Array
(
    [result] => 1
)

[2019/08/13 07:38:12] => .============================ POST REQUEST ==========================.
[2019/08/13 07:38:12] => Postback payload: Array
(
    [disableLog] => 1
)

[2019/08/13 07:38:12] => Foundation setup: extractCore
[2019/08/13 07:38:12] => Extracting [tastyigniter] file ef0eaeec4a461084eb2522e05b439f26.zip
[2019/08/13 07:39:15] => Foundation setup: extractCore +OK
[2019/08/13 07:39:15] => Execute handler (onInstall): Array
(
    [result] => 1
)

[2019/08/13 07:39:16] => .============================ POST REQUEST ==========================.
[2019/08/13 07:39:16] => Postback payload: Array
(
    [disableLog] => 1
)

[2019/08/13 07:39:16] => Foundation setup: writeConfig
[2019/08/13 05:39:16] => Foundation setup: writeConfig +OK
[2019/08/13 05:39:16] => Execute handler (onInstall): Array
(
    [result] => 1
)

[2019/08/13 07:39:16] => .============================ POST REQUEST ==========================.
[2019/08/13 07:39:16] => Postback payload: Array
(
    [disableLog] => 1
)

[2019/08/13 07:39:16] => Foundation setup: finishInstall
[2019/08/13 05:41:01] => Foundation setup: finishInstall +OK
[2019/08/13 05:41:01] => Execute handler (onInstall): Array
(
    [result] => http://localhost/igniter/admin/login
)

